* using log directory ‘/Users/sebastianduchene/Desktop/clockstar_dev/ClockstaR/ClockstaR2.Rcheck’
* using R version 3.0.2 (2013-09-25)
* using platform: x86_64-apple-darwin10.8.0 (64-bit)
* using session charset: UTF-8
* checking for file ‘ClockstaR2/DESCRIPTION’ ... OK
* checking extension type ... Package
* this is package ‘ClockstaR2’ version ‘2.0’
* checking package namespace information ... OK
* checking package dependencies ... OK
* checking if this is a source package ... OK
* checking if there is a namespace ... OK
* checking for executable files ... OK
* checking for hidden files and directories ... NOTE
Found the following hidden files and directories:
  R/.DS_Store
These were most likely included in error. See section ‘Package
structure’ in the ‘Writing R Extensions’ manual.
* checking for portable file names ... OK
* checking for sufficient/correct file permissions ... OK
* checking whether package ‘ClockstaR2’ can be installed ... OK
* checking installed package size ... OK
* checking package directory ... OK
* checking DESCRIPTION meta-information ... WARNING
Non-standard license specification:
  GNU
Standardizable: FALSE
* checking top-level files ... OK
* checking for left-over files ... OK
* checking index information ... OK
* checking package subdirectories ... OK
* checking R files for non-ASCII characters ... OK
* checking R files for syntax errors ... OK
* checking whether the package can be loaded ... OK
* checking whether the package can be loaded with stated dependencies ... OK
* checking whether the package can be unloaded cleanly ... OK
* checking whether the namespace can be loaded with stated dependencies ... OK
* checking whether the namespace can be unloaded cleanly ... OK
* checking loading without being on the library search path ... OK
* checking dependencies in R code ... OK
* checking S3 generic/method consistency ... WARNING
plot:
  function(x, ...)
plot.partitions:
  function(partitions.object, save.plot, file.name)

See section ‘Generic functions and methods’ of the ‘Writing R
Extensions’ manual.
* checking replacement functions ... OK
* checking foreign function calls ... OK
* checking R code for possible problems ... NOTE
bsd.matrix.para: no visible binding for global variable ‘s.trees’
bsd.matrix.para: no visible binding for global variable ‘j’
* checking Rd files ... WARNING
ClockstaR2-package.Rd: non-ASCII input and no declared encoding
bsd.dist.Rd: non-ASCII input and no declared encoding
clockstar.interactive.Rd: non-ASCII input and no declared encoding
problems found in ‘ClockstaR2-package.Rd’, ‘bsd.dist.Rd’, ‘clockstar.interactive.Rd’
* checking Rd metadata ... OK
* checking Rd cross-references ... OK
* checking for missing documentation entries ... OK
* checking for code/documentation mismatches ... OK
* checking Rd \usage sections ... WARNING
Undocumented arguments in documentation object 'partitions'
  ‘...’

Functions with \usage entries need to have the appropriate \alias
entries, and all their arguments documented.
The \usage entries must correspond to syntactically valid R code.
See the chapter ‘Writing R documentation files’ in the ‘Writing R
Extensions’ manual.
S3 methods shown with full name in documentation object 'partitions.bsd':
  ‘partitions.bsd’

S3 methods shown with full name in documentation object 'plot.partitions':
  ‘plot.partitions’

The \usage entries for S3 methods should use the \method markup and not
their full name.
See the chapter ‘Writing R documentation files’ in the ‘Writing R
Extensions’ manual.
* checking Rd contents ... OK
* checking for unstated dependencies in examples ... OK
* checking examples ... OK
* checking PDF version of manual ... OK
WARNING: There were 4 warnings.
NOTE: There were 2 notes.
