Hmm ... looks like a package

This is pdfTeX, Version 3.1415926-2.4-1.40.13 (TeX Live 2012)
 restricted \write18 enabled.
entering extended mode

(/private/var/folders/NZ/NZpR-942HIitxY8OvBRAME+++TM/-Tmp-/RtmpsbJQGA/Rd2pdf2a7
24858a9fc/Rd2.tex
LaTeX2e <2011/06/27>
Babel <v3.8m> and hyphenation patterns for english, dumylang, nohyphenation, ge
rman-x-2012-05-30, ngerman-x-2012-05-30, afrikaans, ancientgreek, ibycus, arabi
c, armenian, basque, bulgarian, catalan, pinyin, coptic, croatian, czech, danis
h, dutch, ukenglish, usenglishmax, esperanto, estonian, ethiopic, farsi, finnis
h, french, friulan, galician, german, ngerman, swissgerman, monogreek, greek, h
ungarian, icelandic, assamese, bengali, gujarati, hindi, kannada, malayalam, ma
rathi, oriya, panjabi, tamil, telugu, indonesian, interlingua, irish, italian, 
kurmanji, latin, latvian, lithuanian, mongolian, mongolianlmc, bokmal, nynorsk,
 polish, portuguese, romanian, romansh, russian, sanskrit, serbian, serbianc, s
lovak, slovenian, spanish, swedish, turkish, turkmen, ukrainian, uppersorbian, 
welsh, loaded.

(/usr/local/texlive/2012/texmf-dist/tex/latex/base/book.cls
Document Class: book 2007/10/19 v1.4h Standard LaTeX document class
(/usr/local/texlive/2012/texmf-dist/tex/latex/base/bk10.clo))
(/Library/Frameworks/R.framework/Resources/share/texmf/tex/latex/Rd.sty
(/usr/local/texlive/2012/texmf-dist/tex/latex/base/ifthen.sty)
(/usr/local/texlive/2012/texmf-dist/tex/latex/tools/longtable.sty)
(/usr/local/texlive/2012/texmf-dist/tex/latex/tools/bm.sty)
(/usr/local/texlive/2012/texmf-dist/tex/latex/base/alltt.sty)
(/usr/local/texlive/2012/texmf-dist/tex/latex/tools/verbatim.sty)
(/usr/local/texlive/2012/texmf-dist/tex/latex/url/url.sty)
(/usr/local/texlive/2012/texmf-dist/tex/latex/base/textcomp.sty
(/usr/local/texlive/2012/texmf-dist/tex/latex/base/ts1enc.def))
(/usr/local/texlive/2012/texmf-dist/tex/latex/base/fontenc.sty
(/usr/local/texlive/2012/texmf-dist/tex/latex/base/t1enc.def))
(/usr/local/texlive/2012/texmf-dist/tex/latex/psnfss/times.sty)
(/usr/local/texlive/2012/texmf-dist/tex/latex/inconsolata/inconsolata.sty
(/usr/local/texlive/2012/texmf-dist/tex/latex/graphics/keyval.sty))
(/usr/local/texlive/2012/texmf-dist/tex/latex/graphics/color.sty
(/usr/local/texlive/2012/texmf-dist/tex/latex/latexconfig/color.cfg)
(/usr/local/texlive/2012/texmf-dist/tex/latex/pdftex-def/pdftex.def
(/usr/local/texlive/2012/texmf-dist/tex/generic/oberdiek/infwarerr.sty)
(/usr/local/texlive/2012/texmf-dist/tex/generic/oberdiek/ltxcmds.sty)))
(/usr/local/texlive/2012/texmf-dist/tex/latex/hyperref/hyperref.sty
(/usr/local/texlive/2012/texmf-dist/tex/generic/oberdiek/hobsub-hyperref.sty
(/usr/local/texlive/2012/texmf-dist/tex/generic/oberdiek/hobsub-generic.sty))
(/usr/local/texlive/2012/texmf-dist/tex/generic/ifxetex/ifxetex.sty)
(/usr/local/texlive/2012/texmf-dist/tex/latex/oberdiek/kvoptions.sty)
(/usr/local/texlive/2012/texmf-dist/tex/latex/hyperref/pd1enc.def)
(/usr/local/texlive/2012/texmf-dist/tex/latex/latexconfig/hyperref.cfg))

Package hyperref Message: Driver (autodetected): hpdftex.

(/usr/local/texlive/2012/texmf-dist/tex/latex/hyperref/hpdftex.def
(/usr/local/texlive/2012/texmf-dist/tex/latex/oberdiek/rerunfilecheck.sty))

Package hyperref Warning: Option `hyperindex' has already been used,
(hyperref)                setting the option has no effect on input line 361.


Package hyperref Warning: Option `pagebackref' has already been used,
(hyperref)                setting the option has no effect on input line 361.

) (/usr/local/texlive/2012/texmf-dist/tex/latex/base/makeidx.sty)
(/usr/local/texlive/2012/texmf-dist/tex/latex/base/inputenc.sty
(/usr/local/texlive/2012/texmf-dist/tex/latex/base/utf8.def
(/usr/local/texlive/2012/texmf-dist/tex/latex/base/t1enc.dfu)
(/usr/local/texlive/2012/texmf-dist/tex/latex/base/ot1enc.dfu)
(/usr/local/texlive/2012/texmf-dist/tex/latex/base/omsenc.dfu)
(/usr/local/texlive/2012/texmf-dist/tex/latex/base/ts1enc.dfu))
(/usr/local/texlive/2012/texmf-dist/tex/latex/base/latin1.def))
Writing index file Rd2.idx
No file Rd2.aux.
(/usr/local/texlive/2012/texmf-dist/tex/latex/base/ts1cmr.fd)
(/usr/local/texlive/2012/texmf-dist/tex/latex/psnfss/t1ptm.fd)
(/usr/local/texlive/2012/texmf-dist/tex/context/base/supp-pdf.mkii
[Loading MPS to PDF converter (version 2006.09.02).]
) (/usr/local/texlive/2012/texmf-dist/tex/latex/hyperref/nameref.sty
(/usr/local/texlive/2012/texmf-dist/tex/generic/oberdiek/gettitlestring.sty))
(/usr/local/texlive/2012/texmf-dist/tex/latex/inconsolata/t1fi4.fd)
(/usr/local/texlive/2012/texmf-dist/tex/latex/psnfss/t1phv.fd)
(/usr/local/texlive/2012/texmf-dist/tex/latex/base/utf8.def) [1{/usr/local/texl
ive/2012/texmf-var/fonts/map/pdftex/updmap/pdftex.map}]
Overfull \hbox (32.28088pt too wide) in paragraph at lines 66--66
 []\T1/fi4/m/n/9 # Create a list of trees of class multiPhylo with four pattern
s of among-lineage rate variation[] 
[2] (/usr/local/texlive/2012/texmf-dist/tex/latex/base/utf8.def)
Overfull \hbox (63.78088pt too wide) in paragraph at lines 156--156
 []\T1/fi4/m/n/9 # Simulate two trees with identical topologies, but different 
patterns of among lineage rate variation[] 
[3] (/usr/local/texlive/2012/texmf-dist/tex/latex/base/utf8.def) [4]
Overfull \hbox (32.28088pt too wide) in paragraph at lines 249--249
 []\T1/fi4/m/n/9 # Create a list of trees of class multiPhylo with four pattern
s of among-lineage rate variation[] 
[5]
Overfull \hbox (9.78088pt too wide) in paragraph at lines 312--312
 []        \T1/fi4/m/n/9 stop("The number of gene trees is <= 3. ClockstaR requ
ires at least gene 4 trees")[] 

Underfull \vbox (badness 10000) has occurred while \output is active [6]
(/usr/local/texlive/2012/texmf-dist/tex/latex/base/utf8.def)
Overfull \hbox (32.28088pt too wide) in paragraph at lines 373--373
 []\T1/fi4/m/n/9 # Create a list of trees of class multiPhylo with four pattern
s of among-lineage rate variation[] 
[7]
Overfull \hbox (9.78088pt too wide) in paragraph at lines 417--417
 []        \T1/fi4/m/n/9 stop("The number of gene trees is <= 3. ClockstaR requ
ires at least gene 4 trees")[] 

Underfull \vbox (badness 10000) has occurred while \output is active [8]
(/usr/local/texlive/2012/texmf-dist/tex/latex/base/utf8.def) [9]
Overfull \hbox (77.28088pt too wide) in paragraph at lines 537--537
 []    \T1/fi4/m/n/9 trees.file <- readline("please drag or type in the path to
 your gene trees file in NEWICK format:\n")[] 

Overfull \hbox (95.28088pt too wide) in paragraph at lines 551--551
 []        \T1/fi4/m/n/9 para <- readline("Should we run ClockstaR in parallel 
(y / n)? (This is good for large data sets)\n")[] 

Overfull \hbox (23.28088pt too wide) in paragraph at lines 555--555
 []            \T1/fi4/m/n/9 ncore <- as.integer(readline("How many cores shoul
d ClockstaR use (integer):\n"))[] 
[10]
Overfull \hbox (675.78088pt too wide) in paragraph at lines 570--570
 []    \T1/fi4/m/n/9 default.run <- readline("The settings for clustering with 
ClockstaR are:\nPAM clustering algorithm\nK from 1 to number of data subsets-1\
nSEmax criterion to select the optimal k\n500 bootstrap replicates\n Are these 
correct? (y/n)\n")[] 

Overfull \hbox (459.78088pt too wide) in paragraph at lines 577--577
 []            \T1/fi4/m/n/9 fun.cluster <- readline("Please select one of the 
clustering functions bellow:(1-3)\n(1) PAM\n(2) CLARA\n(3) FANNY\n (See the use
r manual for package cluster for more details\n")[] 

Overfull \hbox (176.28088pt too wide) in paragraph at lines 588--588
 []        \T1/fi4/m/n/9 max.k <- as.numeric(readline("What should be the maxim
um k to test (the maximum is the number of data subsets - 1)\n"))[] 

Overfull \hbox (32.28088pt too wide) in paragraph at lines 590--590
 []            \T1/fi4/m/n/9 stop("The maximun k should be between 1 and the nu
mber of data sets - 1. ABORTING")[] 

Overfull \hbox (333.78088pt too wide) in paragraph at lines 592--592
 []        \T1/fi4/m/n/9 criterion <- readline("Please type in the criterion to
 select the optimal k (This can be firstSEmax, Tibs2001max, globalSEmax, firstm
ax, or globalmax)\n")[] 

Overfull \hbox (95.28088pt too wide) in paragraph at lines 595--595
 []            \T1/fi4/m/n/9 criterion <- readline("You have not selected any o
f the available criteria. Please select again")[] 

Overfull \hbox (95.28088pt too wide) in paragraph at lines 597--597
 []        \T1/fi4/m/n/9 boot.n <- as.numeric(readline("How many boostrap repli
cates should be run for the Gap statistic?\n"))[] 

Underfull \vbox (badness 10000) has occurred while \output is active [11]
(/usr/local/texlive/2012/texmf-dist/tex/latex/base/utf8.def)
(/usr/local/texlive/2012/texmf-dist/tex/latex/base/utf8.def) [12] [13]
(/usr/local/texlive/2012/texmf-dist/tex/latex/base/utf8.def)
Overfull \hbox (114.78088pt too wide) in paragraph at lines 738--738
 []\T1/fi4/m/n/10 partitions.bsd(bsd.object, FUN = pam, find.best = T, B = 500,
 gap.best = "firstSEmax", kmax = "", ...)[] 
[14]
Overfull \hbox (32.28088pt too wide) in paragraph at lines 806--806
 []\T1/fi4/m/n/9 # Create a list of trees of class multiPhylo with four pattern
s of among-lineage rate variation[] 
[15] (/usr/local/texlive/2012/texmf-dist/tex/latex/base/utf8.def)
Overfull \hbox (14.78088pt too wide) in paragraph at lines 898--898
 []\T1/fi4/m/n/10 plot.partitions(partitions.object, save.plot = F, file.name =
 "results_clockstar")[] 
[16]
Overfull \hbox (32.28088pt too wide) in paragraph at lines 923--923
 []\T1/fi4/m/n/9 # Create a list of trees of class multiPhylo with four pattern
s of among-lineage rate variation[] 
[17]
Overfull \hbox (50.28088pt too wide) in paragraph at lines 970--970
 []    \T1/fi4/m/n/9 image(t(partitions.object$parts.mat), col = sample(rainbow
(ncol(partitions.object$parts.mat))),[] 
No file Rd2.ind.
[18] (./Rd2.aux)

Package rerunfilecheck Warning: File `Rd2.out' has changed.
(rerunfilecheck)                Rerun to get outlines right
(rerunfilecheck)                or use package `bookmark'.

 )
(see the transcript file for additional information){/usr/local/texlive/2012/te
xmf-dist/fonts/enc/dvips/base/8r.enc}{/usr/local/texlive/2012/texmf-dist/fonts/
enc/dvips/inconsolata/fi4-ec.enc}</usr/local/texlive/2012/texmf-dist/fonts/type
1/public/inconsolata/Inconsolata.pfb></usr/local/texlive/2012/texmf-dist/fonts/
type1/urw/helvetic/uhvr8a.pfb></usr/local/texlive/2012/texmf-dist/fonts/type1/u
rw/times/utmb8a.pfb></usr/local/texlive/2012/texmf-dist/fonts/type1/urw/times/u
tmr8a.pfb></usr/local/texlive/2012/texmf-dist/fonts/type1/urw/times/utmr8a.pfb>
</usr/local/texlive/2012/texmf-dist/fonts/type1/urw/times/utmri8a.pfb>
Output written on Rd2.pdf (18 pages, 92856 bytes).
Transcript written on Rd2.log.
This is makeindex, version 2.15 [TeX Live 2012] (kpathsea + Thai support).
Scanning input file ./Rd2.idx....done (21 entries accepted, 0 rejected).
Sorting entries....done (97 comparisons).
Generating output file ./Rd2.ind....done (46 lines written, 0 warnings).
Output written in ./Rd2.ind.
Transcript written in ./Rd2.ilg.
This is pdfTeX, Version 3.1415926-2.4-1.40.13 (TeX Live 2012)
 restricted \write18 enabled.
entering extended mode

(/private/var/folders/NZ/NZpR-942HIitxY8OvBRAME+++TM/-Tmp-/RtmpsbJQGA/Rd2pdf2a7
24858a9fc/Rd2.tex
LaTeX2e <2011/06/27>
Babel <v3.8m> and hyphenation patterns for english, dumylang, nohyphenation, ge
rman-x-2012-05-30, ngerman-x-2012-05-30, afrikaans, ancientgreek, ibycus, arabi
c, armenian, basque, bulgarian, catalan, pinyin, coptic, croatian, czech, danis
h, dutch, ukenglish, usenglishmax, esperanto, estonian, ethiopic, farsi, finnis
h, french, friulan, galician, german, ngerman, swissgerman, monogreek, greek, h
ungarian, icelandic, assamese, bengali, gujarati, hindi, kannada, malayalam, ma
rathi, oriya, panjabi, tamil, telugu, indonesian, interlingua, irish, italian, 
kurmanji, latin, latvian, lithuanian, mongolian, mongolianlmc, bokmal, nynorsk,
 polish, portuguese, romanian, romansh, russian, sanskrit, serbian, serbianc, s
lovak, slovenian, spanish, swedish, turkish, turkmen, ukrainian, uppersorbian, 
welsh, loaded.

(/usr/local/texlive/2012/texmf-dist/tex/latex/base/book.cls
Document Class: book 2007/10/19 v1.4h Standard LaTeX document class
(/usr/local/texlive/2012/texmf-dist/tex/latex/base/bk10.clo))
(/Library/Frameworks/R.framework/Resources/share/texmf/tex/latex/Rd.sty
(/usr/local/texlive/2012/texmf-dist/tex/latex/base/ifthen.sty)
(/usr/local/texlive/2012/texmf-dist/tex/latex/tools/longtable.sty)
(/usr/local/texlive/2012/texmf-dist/tex/latex/tools/bm.sty)
(/usr/local/texlive/2012/texmf-dist/tex/latex/base/alltt.sty)
(/usr/local/texlive/2012/texmf-dist/tex/latex/tools/verbatim.sty)
(/usr/local/texlive/2012/texmf-dist/tex/latex/url/url.sty)
(/usr/local/texlive/2012/texmf-dist/tex/latex/base/textcomp.sty
(/usr/local/texlive/2012/texmf-dist/tex/latex/base/ts1enc.def))
(/usr/local/texlive/2012/texmf-dist/tex/latex/base/fontenc.sty
(/usr/local/texlive/2012/texmf-dist/tex/latex/base/t1enc.def))
(/usr/local/texlive/2012/texmf-dist/tex/latex/psnfss/times.sty)
(/usr/local/texlive/2012/texmf-dist/tex/latex/inconsolata/inconsolata.sty
(/usr/local/texlive/2012/texmf-dist/tex/latex/graphics/keyval.sty))
(/usr/local/texlive/2012/texmf-dist/tex/latex/graphics/color.sty
(/usr/local/texlive/2012/texmf-dist/tex/latex/latexconfig/color.cfg)
(/usr/local/texlive/2012/texmf-dist/tex/latex/pdftex-def/pdftex.def
(/usr/local/texlive/2012/texmf-dist/tex/generic/oberdiek/infwarerr.sty)
(/usr/local/texlive/2012/texmf-dist/tex/generic/oberdiek/ltxcmds.sty)))
(/usr/local/texlive/2012/texmf-dist/tex/latex/hyperref/hyperref.sty
(/usr/local/texlive/2012/texmf-dist/tex/generic/oberdiek/hobsub-hyperref.sty
(/usr/local/texlive/2012/texmf-dist/tex/generic/oberdiek/hobsub-generic.sty))
(/usr/local/texlive/2012/texmf-dist/tex/generic/ifxetex/ifxetex.sty)
(/usr/local/texlive/2012/texmf-dist/tex/latex/oberdiek/kvoptions.sty)
(/usr/local/texlive/2012/texmf-dist/tex/latex/hyperref/pd1enc.def)
(/usr/local/texlive/2012/texmf-dist/tex/latex/latexconfig/hyperref.cfg))

Package hyperref Message: Driver (autodetected): hpdftex.

(/usr/local/texlive/2012/texmf-dist/tex/latex/hyperref/hpdftex.def
(/usr/local/texlive/2012/texmf-dist/tex/latex/oberdiek/rerunfilecheck.sty))

Package hyperref Warning: Option `hyperindex' has already been used,
(hyperref)                setting the option has no effect on input line 361.


Package hyperref Warning: Option `pagebackref' has already been used,
(hyperref)                setting the option has no effect on input line 361.

) (/usr/local/texlive/2012/texmf-dist/tex/latex/base/makeidx.sty)
(/usr/local/texlive/2012/texmf-dist/tex/latex/base/inputenc.sty
(/usr/local/texlive/2012/texmf-dist/tex/latex/base/utf8.def
(/usr/local/texlive/2012/texmf-dist/tex/latex/base/t1enc.dfu)
(/usr/local/texlive/2012/texmf-dist/tex/latex/base/ot1enc.dfu)
(/usr/local/texlive/2012/texmf-dist/tex/latex/base/omsenc.dfu)
(/usr/local/texlive/2012/texmf-dist/tex/latex/base/ts1enc.dfu))
(/usr/local/texlive/2012/texmf-dist/tex/latex/base/latin1.def))
Writing index file Rd2.idx
(./Rd2.aux) (/usr/local/texlive/2012/texmf-dist/tex/latex/base/ts1cmr.fd)
(/usr/local/texlive/2012/texmf-dist/tex/latex/psnfss/t1ptm.fd)
(/usr/local/texlive/2012/texmf-dist/tex/context/base/supp-pdf.mkii
[Loading MPS to PDF converter (version 2006.09.02).]
) (/usr/local/texlive/2012/texmf-dist/tex/latex/hyperref/nameref.sty
(/usr/local/texlive/2012/texmf-dist/tex/generic/oberdiek/gettitlestring.sty))
(./Rd2.out) (./Rd2.out)
(/usr/local/texlive/2012/texmf-dist/tex/latex/inconsolata/t1fi4.fd)
(/usr/local/texlive/2012/texmf-dist/tex/latex/psnfss/t1phv.fd) (./Rd2.toc)
(/usr/local/texlive/2012/texmf-dist/tex/latex/base/utf8.def) [1{/usr/local/texl
ive/2012/texmf-var/fonts/map/pdftex/updmap/pdftex.map}]
Overfull \hbox (32.28088pt too wide) in paragraph at lines 66--66
 []\T1/fi4/m/n/9 # Create a list of trees of class multiPhylo with four pattern
s of among-lineage rate variation[] 
[2] (/usr/local/texlive/2012/texmf-dist/tex/latex/base/utf8.def) [3]
Overfull \hbox (63.78088pt too wide) in paragraph at lines 156--156
 []\T1/fi4/m/n/9 # Simulate two trees with identical topologies, but different 
patterns of among lineage rate variation[] 
[4] (/usr/local/texlive/2012/texmf-dist/tex/latex/base/utf8.def)
Overfull \hbox (32.28088pt too wide) in paragraph at lines 249--249
 []\T1/fi4/m/n/9 # Create a list of trees of class multiPhylo with four pattern
s of among-lineage rate variation[] 
[5]
Overfull \hbox (9.78088pt too wide) in paragraph at lines 312--312
 []        \T1/fi4/m/n/9 stop("The number of gene trees is <= 3. ClockstaR requ
ires at least gene 4 trees")[] 

Underfull \vbox (badness 10000) has occurred while \output is active [6]
(/usr/local/texlive/2012/texmf-dist/tex/latex/base/utf8.def)
Overfull \hbox (32.28088pt too wide) in paragraph at lines 373--373
 []\T1/fi4/m/n/9 # Create a list of trees of class multiPhylo with four pattern
s of among-lineage rate variation[] 
[7]
Overfull \hbox (9.78088pt too wide) in paragraph at lines 417--417
 []        \T1/fi4/m/n/9 stop("The number of gene trees is <= 3. ClockstaR requ
ires at least gene 4 trees")[] 

Underfull \vbox (badness 10000) has occurred while \output is active [8]
Underfull \vbox (badness 10000) has occurred while \output is active [9]
(/usr/local/texlive/2012/texmf-dist/tex/latex/base/utf8.def)
Overfull \hbox (77.28088pt too wide) in paragraph at lines 537--537
 []    \T1/fi4/m/n/9 trees.file <- readline("please drag or type in the path to
 your gene trees file in NEWICK format:\n")[] 
[10]
Overfull \hbox (95.28088pt too wide) in paragraph at lines 551--551
 []        \T1/fi4/m/n/9 para <- readline("Should we run ClockstaR in parallel 
(y / n)? (This is good for large data sets)\n")[] 

Overfull \hbox (23.28088pt too wide) in paragraph at lines 555--555
 []            \T1/fi4/m/n/9 ncore <- as.integer(readline("How many cores shoul
d ClockstaR use (integer):\n"))[] 

Overfull \hbox (675.78088pt too wide) in paragraph at lines 570--570
 []    \T1/fi4/m/n/9 default.run <- readline("The settings for clustering with 
ClockstaR are:\nPAM clustering algorithm\nK from 1 to number of data subsets-1\
nSEmax criterion to select the optimal k\n500 bootstrap replicates\n Are these 
correct? (y/n)\n")[] 

Overfull \hbox (459.78088pt too wide) in paragraph at lines 577--577
 []            \T1/fi4/m/n/9 fun.cluster <- readline("Please select one of the 
clustering functions bellow:(1-3)\n(1) PAM\n(2) CLARA\n(3) FANNY\n (See the use
r manual for package cluster for more details\n")[] 

Overfull \hbox (176.28088pt too wide) in paragraph at lines 588--588
 []        \T1/fi4/m/n/9 max.k <- as.numeric(readline("What should be the maxim
um k to test (the maximum is the number of data subsets - 1)\n"))[] 

Overfull \hbox (32.28088pt too wide) in paragraph at lines 590--590
 []            \T1/fi4/m/n/9 stop("The maximun k should be between 1 and the nu
mber of data sets - 1. ABORTING")[] 

Overfull \hbox (333.78088pt too wide) in paragraph at lines 592--592
 []        \T1/fi4/m/n/9 criterion <- readline("Please type in the criterion to
 select the optimal k (This can be firstSEmax, Tibs2001max, globalSEmax, firstm
ax, or globalmax)\n")[] 

Overfull \hbox (95.28088pt too wide) in paragraph at lines 595--595
 []            \T1/fi4/m/n/9 criterion <- readline("You have not selected any o
f the available criteria. Please select again")[] 

Overfull \hbox (95.28088pt too wide) in paragraph at lines 597--597
 []        \T1/fi4/m/n/9 boot.n <- as.numeric(readline("How many boostrap repli
cates should be run for the Gap statistic?\n"))[] 

Underfull \vbox (badness 10000) has occurred while \output is active [11]
(/usr/local/texlive/2012/texmf-dist/tex/latex/base/utf8.def)
(/usr/local/texlive/2012/texmf-dist/tex/latex/base/utf8.def) [12] [13]
(/usr/local/texlive/2012/texmf-dist/tex/latex/base/utf8.def)
Overfull \hbox (114.78088pt too wide) in paragraph at lines 738--738
 []\T1/fi4/m/n/10 partitions.bsd(bsd.object, FUN = pam, find.best = T, B = 500,
 gap.best = "firstSEmax", kmax = "", ...)[] 
[14]
Overfull \hbox (32.28088pt too wide) in paragraph at lines 806--806
 []\T1/fi4/m/n/9 # Create a list of trees of class multiPhylo with four pattern
s of among-lineage rate variation[] 
[15] (/usr/local/texlive/2012/texmf-dist/tex/latex/base/utf8.def)
Underfull \vbox (badness 10000) has occurred while \output is active [16]
Overfull \hbox (14.78088pt too wide) in paragraph at lines 898--898
 []\T1/fi4/m/n/10 plot.partitions(partitions.object, save.plot = F, file.name =
 "results_clockstar")[] 

Overfull \hbox (32.28088pt too wide) in paragraph at lines 923--923
 []\T1/fi4/m/n/9 # Create a list of trees of class multiPhylo with four pattern
s of among-lineage rate variation[] 
[17]
Overfull \hbox (50.28088pt too wide) in paragraph at lines 970--970
 []    \T1/fi4/m/n/9 image(t(partitions.object$parts.mat), col = sample(rainbow
(ncol(partitions.object$parts.mat))),[] 
(./Rd2.ind [18]

LaTeX Font Warning: Font shape `T1/fi4/m/it' undefined
(Font)              using `T1/fi4/m/n' instead on input line 32.

[19]) (./Rd2.aux)

Package rerunfilecheck Warning: File `Rd2.out' has changed.
(rerunfilecheck)                Rerun to get outlines right
(rerunfilecheck)                or use package `bookmark'.


LaTeX Font Warning: Some font shapes were not available, defaults substituted.

 )
(see the transcript file for additional information){/usr/local/texlive/2012/te
xmf-dist/fonts/enc/dvips/base/8r.enc}{/usr/local/texlive/2012/texmf-dist/fonts/
enc/dvips/inconsolata/fi4-ec.enc}</usr/local/texlive/2012/texmf-dist/fonts/type
1/public/inconsolata/Inconsolata.pfb></usr/local/texlive/2012/texmf-dist/fonts/
type1/public/amsfonts/cm/cmsy10.pfb></usr/local/texlive/2012/texmf-dist/fonts/t
ype1/urw/helvetic/uhvr8a.pfb></usr/local/texlive/2012/texmf-dist/fonts/type1/ur
w/times/utmb8a.pfb></usr/local/texlive/2012/texmf-dist/fonts/type1/urw/times/ut
mr8a.pfb></usr/local/texlive/2012/texmf-dist/fonts/type1/urw/times/utmr8a.pfb><
/usr/local/texlive/2012/texmf-dist/fonts/type1/urw/times/utmri8a.pfb>
Output written on Rd2.pdf (19 pages, 104643 bytes).
Transcript written on Rd2.log.
This is makeindex, version 2.15 [TeX Live 2012] (kpathsea + Thai support).
Scanning input file ./Rd2.idx....done (21 entries accepted, 0 rejected).
Sorting entries....done (97 comparisons).
Generating output file ./Rd2.ind....done (46 lines written, 0 warnings).
Output written in ./Rd2.ind.
Transcript written in ./Rd2.ilg.
This is pdfTeX, Version 3.1415926-2.4-1.40.13 (TeX Live 2012)
 restricted \write18 enabled.
entering extended mode

(/private/var/folders/NZ/NZpR-942HIitxY8OvBRAME+++TM/-Tmp-/RtmpsbJQGA/Rd2pdf2a7
24858a9fc/Rd2.tex
LaTeX2e <2011/06/27>
Babel <v3.8m> and hyphenation patterns for english, dumylang, nohyphenation, ge
rman-x-2012-05-30, ngerman-x-2012-05-30, afrikaans, ancientgreek, ibycus, arabi
c, armenian, basque, bulgarian, catalan, pinyin, coptic, croatian, czech, danis
h, dutch, ukenglish, usenglishmax, esperanto, estonian, ethiopic, farsi, finnis
h, french, friulan, galician, german, ngerman, swissgerman, monogreek, greek, h
ungarian, icelandic, assamese, bengali, gujarati, hindi, kannada, malayalam, ma
rathi, oriya, panjabi, tamil, telugu, indonesian, interlingua, irish, italian, 
kurmanji, latin, latvian, lithuanian, mongolian, mongolianlmc, bokmal, nynorsk,
 polish, portuguese, romanian, romansh, russian, sanskrit, serbian, serbianc, s
lovak, slovenian, spanish, swedish, turkish, turkmen, ukrainian, uppersorbian, 
welsh, loaded.

(/usr/local/texlive/2012/texmf-dist/tex/latex/base/book.cls
Document Class: book 2007/10/19 v1.4h Standard LaTeX document class
(/usr/local/texlive/2012/texmf-dist/tex/latex/base/bk10.clo))
(/Library/Frameworks/R.framework/Resources/share/texmf/tex/latex/Rd.sty
(/usr/local/texlive/2012/texmf-dist/tex/latex/base/ifthen.sty)
(/usr/local/texlive/2012/texmf-dist/tex/latex/tools/longtable.sty)
(/usr/local/texlive/2012/texmf-dist/tex/latex/tools/bm.sty)
(/usr/local/texlive/2012/texmf-dist/tex/latex/base/alltt.sty)
(/usr/local/texlive/2012/texmf-dist/tex/latex/tools/verbatim.sty)
(/usr/local/texlive/2012/texmf-dist/tex/latex/url/url.sty)
(/usr/local/texlive/2012/texmf-dist/tex/latex/base/textcomp.sty
(/usr/local/texlive/2012/texmf-dist/tex/latex/base/ts1enc.def))
(/usr/local/texlive/2012/texmf-dist/tex/latex/base/fontenc.sty
(/usr/local/texlive/2012/texmf-dist/tex/latex/base/t1enc.def))
(/usr/local/texlive/2012/texmf-dist/tex/latex/psnfss/times.sty)
(/usr/local/texlive/2012/texmf-dist/tex/latex/inconsolata/inconsolata.sty
(/usr/local/texlive/2012/texmf-dist/tex/latex/graphics/keyval.sty))
(/usr/local/texlive/2012/texmf-dist/tex/latex/graphics/color.sty
(/usr/local/texlive/2012/texmf-dist/tex/latex/latexconfig/color.cfg)
(/usr/local/texlive/2012/texmf-dist/tex/latex/pdftex-def/pdftex.def
(/usr/local/texlive/2012/texmf-dist/tex/generic/oberdiek/infwarerr.sty)
(/usr/local/texlive/2012/texmf-dist/tex/generic/oberdiek/ltxcmds.sty)))
(/usr/local/texlive/2012/texmf-dist/tex/latex/hyperref/hyperref.sty
(/usr/local/texlive/2012/texmf-dist/tex/generic/oberdiek/hobsub-hyperref.sty
(/usr/local/texlive/2012/texmf-dist/tex/generic/oberdiek/hobsub-generic.sty))
(/usr/local/texlive/2012/texmf-dist/tex/generic/ifxetex/ifxetex.sty)
(/usr/local/texlive/2012/texmf-dist/tex/latex/oberdiek/kvoptions.sty)
(/usr/local/texlive/2012/texmf-dist/tex/latex/hyperref/pd1enc.def)
(/usr/local/texlive/2012/texmf-dist/tex/latex/latexconfig/hyperref.cfg))

Package hyperref Message: Driver (autodetected): hpdftex.

(/usr/local/texlive/2012/texmf-dist/tex/latex/hyperref/hpdftex.def
(/usr/local/texlive/2012/texmf-dist/tex/latex/oberdiek/rerunfilecheck.sty))

Package hyperref Warning: Option `hyperindex' has already been used,
(hyperref)                setting the option has no effect on input line 361.


Package hyperref Warning: Option `pagebackref' has already been used,
(hyperref)                setting the option has no effect on input line 361.

) (/usr/local/texlive/2012/texmf-dist/tex/latex/base/makeidx.sty)
(/usr/local/texlive/2012/texmf-dist/tex/latex/base/inputenc.sty
(/usr/local/texlive/2012/texmf-dist/tex/latex/base/utf8.def
(/usr/local/texlive/2012/texmf-dist/tex/latex/base/t1enc.dfu)
(/usr/local/texlive/2012/texmf-dist/tex/latex/base/ot1enc.dfu)
(/usr/local/texlive/2012/texmf-dist/tex/latex/base/omsenc.dfu)
(/usr/local/texlive/2012/texmf-dist/tex/latex/base/ts1enc.dfu))
(/usr/local/texlive/2012/texmf-dist/tex/latex/base/latin1.def))
Writing index file Rd2.idx
(./Rd2.aux) (/usr/local/texlive/2012/texmf-dist/tex/latex/base/ts1cmr.fd)
(/usr/local/texlive/2012/texmf-dist/tex/latex/psnfss/t1ptm.fd)
(/usr/local/texlive/2012/texmf-dist/tex/context/base/supp-pdf.mkii
[Loading MPS to PDF converter (version 2006.09.02).]
) (/usr/local/texlive/2012/texmf-dist/tex/latex/hyperref/nameref.sty
(/usr/local/texlive/2012/texmf-dist/tex/generic/oberdiek/gettitlestring.sty))
(./Rd2.out) (./Rd2.out)
(/usr/local/texlive/2012/texmf-dist/tex/latex/inconsolata/t1fi4.fd)
(/usr/local/texlive/2012/texmf-dist/tex/latex/psnfss/t1phv.fd) (./Rd2.toc)
(/usr/local/texlive/2012/texmf-dist/tex/latex/base/utf8.def) [1{/usr/local/texl
ive/2012/texmf-var/fonts/map/pdftex/updmap/pdftex.map}]
Overfull \hbox (32.28088pt too wide) in paragraph at lines 66--66
 []\T1/fi4/m/n/9 # Create a list of trees of class multiPhylo with four pattern
s of among-lineage rate variation[] 
[2] (/usr/local/texlive/2012/texmf-dist/tex/latex/base/utf8.def) [3]
Overfull \hbox (63.78088pt too wide) in paragraph at lines 156--156
 []\T1/fi4/m/n/9 # Simulate two trees with identical topologies, but different 
patterns of among lineage rate variation[] 
[4] (/usr/local/texlive/2012/texmf-dist/tex/latex/base/utf8.def)
Overfull \hbox (32.28088pt too wide) in paragraph at lines 249--249
 []\T1/fi4/m/n/9 # Create a list of trees of class multiPhylo with four pattern
s of among-lineage rate variation[] 
[5]
Overfull \hbox (9.78088pt too wide) in paragraph at lines 312--312
 []        \T1/fi4/m/n/9 stop("The number of gene trees is <= 3. ClockstaR requ
ires at least gene 4 trees")[] 

Underfull \vbox (badness 10000) has occurred while \output is active [6]
(/usr/local/texlive/2012/texmf-dist/tex/latex/base/utf8.def)
Overfull \hbox (32.28088pt too wide) in paragraph at lines 373--373
 []\T1/fi4/m/n/9 # Create a list of trees of class multiPhylo with four pattern
s of among-lineage rate variation[] 
[7]
Overfull \hbox (9.78088pt too wide) in paragraph at lines 417--417
 []        \T1/fi4/m/n/9 stop("The number of gene trees is <= 3. ClockstaR requ
ires at least gene 4 trees")[] 

Underfull \vbox (badness 10000) has occurred while \output is active [8]
Underfull \vbox (badness 10000) has occurred while \output is active [9]
(/usr/local/texlive/2012/texmf-dist/tex/latex/base/utf8.def)
Overfull \hbox (77.28088pt too wide) in paragraph at lines 537--537
 []    \T1/fi4/m/n/9 trees.file <- readline("please drag or type in the path to
 your gene trees file in NEWICK format:\n")[] 
[10]
Overfull \hbox (95.28088pt too wide) in paragraph at lines 551--551
 []        \T1/fi4/m/n/9 para <- readline("Should we run ClockstaR in parallel 
(y / n)? (This is good for large data sets)\n")[] 

Overfull \hbox (23.28088pt too wide) in paragraph at lines 555--555
 []            \T1/fi4/m/n/9 ncore <- as.integer(readline("How many cores shoul
d ClockstaR use (integer):\n"))[] 

Overfull \hbox (675.78088pt too wide) in paragraph at lines 570--570
 []    \T1/fi4/m/n/9 default.run <- readline("The settings for clustering with 
ClockstaR are:\nPAM clustering algorithm\nK from 1 to number of data subsets-1\
nSEmax criterion to select the optimal k\n500 bootstrap replicates\n Are these 
correct? (y/n)\n")[] 

Overfull \hbox (459.78088pt too wide) in paragraph at lines 577--577
 []            \T1/fi4/m/n/9 fun.cluster <- readline("Please select one of the 
clustering functions bellow:(1-3)\n(1) PAM\n(2) CLARA\n(3) FANNY\n (See the use
r manual for package cluster for more details\n")[] 

Overfull \hbox (176.28088pt too wide) in paragraph at lines 588--588
 []        \T1/fi4/m/n/9 max.k <- as.numeric(readline("What should be the maxim
um k to test (the maximum is the number of data subsets - 1)\n"))[] 

Overfull \hbox (32.28088pt too wide) in paragraph at lines 590--590
 []            \T1/fi4/m/n/9 stop("The maximun k should be between 1 and the nu
mber of data sets - 1. ABORTING")[] 

Overfull \hbox (333.78088pt too wide) in paragraph at lines 592--592
 []        \T1/fi4/m/n/9 criterion <- readline("Please type in the criterion to
 select the optimal k (This can be firstSEmax, Tibs2001max, globalSEmax, firstm
ax, or globalmax)\n")[] 

Overfull \hbox (95.28088pt too wide) in paragraph at lines 595--595
 []            \T1/fi4/m/n/9 criterion <- readline("You have not selected any o
f the available criteria. Please select again")[] 

Overfull \hbox (95.28088pt too wide) in paragraph at lines 597--597
 []        \T1/fi4/m/n/9 boot.n <- as.numeric(readline("How many boostrap repli
cates should be run for the Gap statistic?\n"))[] 

Underfull \vbox (badness 10000) has occurred while \output is active [11]
(/usr/local/texlive/2012/texmf-dist/tex/latex/base/utf8.def)
(/usr/local/texlive/2012/texmf-dist/tex/latex/base/utf8.def) [12] [13]
(/usr/local/texlive/2012/texmf-dist/tex/latex/base/utf8.def)
Overfull \hbox (114.78088pt too wide) in paragraph at lines 738--738
 []\T1/fi4/m/n/10 partitions.bsd(bsd.object, FUN = pam, find.best = T, B = 500,
 gap.best = "firstSEmax", kmax = "", ...)[] 
[14]
Overfull \hbox (32.28088pt too wide) in paragraph at lines 806--806
 []\T1/fi4/m/n/9 # Create a list of trees of class multiPhylo with four pattern
s of among-lineage rate variation[] 
[15] (/usr/local/texlive/2012/texmf-dist/tex/latex/base/utf8.def)
Underfull \vbox (badness 10000) has occurred while \output is active [16]
Overfull \hbox (14.78088pt too wide) in paragraph at lines 898--898
 []\T1/fi4/m/n/10 plot.partitions(partitions.object, save.plot = F, file.name =
 "results_clockstar")[] 

Overfull \hbox (32.28088pt too wide) in paragraph at lines 923--923
 []\T1/fi4/m/n/9 # Create a list of trees of class multiPhylo with four pattern
s of among-lineage rate variation[] 
[17]
Overfull \hbox (50.28088pt too wide) in paragraph at lines 970--970
 []    \T1/fi4/m/n/9 image(t(partitions.object$parts.mat), col = sample(rainbow
(ncol(partitions.object$parts.mat))),[] 
(./Rd2.ind [18]

LaTeX Font Warning: Font shape `T1/fi4/m/it' undefined
(Font)              using `T1/fi4/m/n' instead on input line 32.

[19]) (./Rd2.aux)

LaTeX Font Warning: Some font shapes were not available, defaults substituted.

 )
(see the transcript file for additional information){/usr/local/texlive/2012/te
xmf-dist/fonts/enc/dvips/base/8r.enc}{/usr/local/texlive/2012/texmf-dist/fonts/
enc/dvips/inconsolata/fi4-ec.enc}</usr/local/texlive/2012/texmf-dist/fonts/type
1/public/inconsolata/Inconsolata.pfb></usr/local/texlive/2012/texmf-dist/fonts/
type1/public/amsfonts/cm/cmsy10.pfb></usr/local/texlive/2012/texmf-dist/fonts/t
ype1/urw/helvetic/uhvr8a.pfb></usr/local/texlive/2012/texmf-dist/fonts/type1/ur
w/times/utmb8a.pfb></usr/local/texlive/2012/texmf-dist/fonts/type1/urw/times/ut
mr8a.pfb></usr/local/texlive/2012/texmf-dist/fonts/type1/urw/times/utmr8a.pfb><
/usr/local/texlive/2012/texmf-dist/fonts/type1/urw/times/utmri8a.pfb>
Output written on Rd2.pdf (19 pages, 104864 bytes).
Transcript written on Rd2.log.
Saving output to 'ClockstaR2-manual.pdf' ...
Done
You may want to clean up by 'rm -rf /var/folders/NZ/NZpR-942HIitxY8OvBRAME+++TM/-Tmp-//RtmpsbJQGA/Rd2pdf2a724858a9fc'
