* using log directory '/Users/sebastianduchene/Dropbox/clockstarDev/clockstarPackage/clockstar/clockstar.Rcheck'
* using R version 3.0.1 (2013-05-16)
* using platform: x86_64-apple-darwin10.8.0 (64-bit)
* using session charset: ASCII
* checking for file 'clockstar/DESCRIPTION' ... OK
* checking extension type ... Package
* this is package 'clockstar' version '0.1'
* checking package namespace information ... OK
* checking package dependencies ... OK
* checking if this is a source package ... OK
* checking if there is a namespace ... OK
* checking for executable files ... OK
* checking for hidden files and directories ... OK
* checking for portable file names ... OK
* checking for sufficient/correct file permissions ... OK
* checking whether package 'clockstar' can be installed ... OK
* checking installed package size ... OK
* checking package directory ... OK
* checking DESCRIPTION meta-information ... OK
* checking top-level files ... OK
* checking for left-over files ... OK
* checking index information ... OK
* checking package subdirectories ... OK
* checking R files for non-ASCII characters ... OK
* checking R files for syntax errors ... OK
* checking whether the package can be loaded ... OK
* checking whether the package can be loaded with stated dependencies ... OK
* checking whether the package can be unloaded cleanly ... OK
* checking whether the namespace can be loaded with stated dependencies ... OK
* checking whether the namespace can be unloaded cleanly ... OK
* checking for unstated dependencies in R code ... OK
* checking S3 generic/method consistency ... WARNING
cut:
  function(x, ...)
cut.trees.beta:
  function(tree, beta)

min:
  function(..., na.rm)
min.dist.topo:
  function(tree1, tree2)

min:
  function(..., na.rm)
min.dist.topo.mat:
  function(tree.list)

min:
  function(..., na.rm)
min.dist.topo.mat.para:
  function(tree.list, para, ncore)

See section 'Generic functions and methods' of the 'Writing R
Extensions' manual.
* checking replacement functions ... OK
* checking foreign function calls ... OK
* checking R code for possible problems ... NOTE
run.clockstar: warning in get.all.groups.k(bsd.data, k = k.man,
  save.partitions = T): partial argument match of 'k' to 'k.man'
min.dist.topo.mat.para: no visible binding for global variable
  's.trees'
min.dist.topo.mat.para: no visible binding for global variable 'j'
optim.edge.lengths: no visible binding for global variable 'dat'
* checking Rd files ... OK
* checking Rd metadata ... OK
* checking Rd cross-references ... OK
* checking for missing documentation entries ... OK
* checking for code/documentation mismatches ... OK
* checking Rd \usage sections ... NOTE
S3 methods shown with full name in documentation object 'cut.trees.beta':
  'cut.trees.beta'

S3 methods shown with full name in documentation object 'min.dist.topo':
  'min.dist.topo'

S3 methods shown with full name in documentation object 'min.dist.topo.mat':
  'min.dist.topo.mat'

S3 methods shown with full name in documentation object 'min.dist.topo.mat.para':
  'min.dist.topo.mat.para'

The \usage entries for S3 methods should use the \method markup and not
their full name.
See the chapter 'Writing R documentation files' in the 'Writing R
Extensions' manual.
* checking Rd contents ... OK
* checking for unstated dependencies in examples ... OK
* checking examples ... OK
* checking PDF version of manual ... OK
WARNING: There was 1 warning.
NOTE: There were 2 notes.
See
  '/Users/sebastianduchene/Dropbox/clockstarDev/clockstarPackage/clockstar/clockstar.Rcheck/00check.log'
for details.
