Hmm ... looks like a package

This is pdfTeX, Version 3.1415926-2.4-1.40.13 (TeX Live 2012)
 restricted \write18 enabled.
entering extended mode
(/private/tmp/Rtmps8a8Li/Rd2pdffecd5894262c/Rd2.tex
LaTeX2e <2011/06/27>
Babel <v3.8m> and hyphenation patterns for english, dumylang, nohyphenation, ge
rman-x-2012-05-30, ngerman-x-2012-05-30, afrikaans, ancientgreek, ibycus, arabi
c, armenian, basque, bulgarian, catalan, pinyin, coptic, croatian, czech, danis
h, dutch, ukenglish, usenglishmax, esperanto, estonian, ethiopic, farsi, finnis
h, french, friulan, galician, german, ngerman, swissgerman, monogreek, greek, h
ungarian, icelandic, assamese, bengali, gujarati, hindi, kannada, malayalam, ma
rathi, oriya, panjabi, tamil, telugu, indonesian, interlingua, irish, italian, 
kurmanji, latin, latvian, lithuanian, mongolian, mongolianlmc, bokmal, nynorsk,
 polish, portuguese, romanian, romansh, russian, sanskrit, serbian, serbianc, s
lovak, slovenian, spanish, swedish, turkish, turkmen, ukrainian, uppersorbian, 
welsh, loaded.

(/usr/local/texlive/2012/texmf-dist/tex/latex/base/book.cls
Document Class: book 2007/10/19 v1.4h Standard LaTeX document class
(/usr/local/texlive/2012/texmf-dist/tex/latex/base/bk10.clo))
(/Library/Frameworks/R.framework/Resources/share/texmf/tex/latex/Rd.sty
(/usr/local/texlive/2012/texmf-dist/tex/latex/base/ifthen.sty)
(/usr/local/texlive/2012/texmf-dist/tex/latex/tools/longtable.sty)
(/usr/local/texlive/2012/texmf-dist/tex/latex/tools/bm.sty)
(/usr/local/texlive/2012/texmf-dist/tex/latex/base/alltt.sty)
(/usr/local/texlive/2012/texmf-dist/tex/latex/tools/verbatim.sty)
(/usr/local/texlive/2012/texmf-dist/tex/latex/url/url.sty) NOT loading ae
(/usr/local/texlive/2012/texmf-dist/tex/latex/base/fontenc.sty
(/usr/local/texlive/2012/texmf-dist/tex/latex/base/t1enc.def))
(/usr/local/texlive/2012/texmf-dist/tex/latex/psnfss/times.sty)
NOT loading lmodern
(/usr/local/texlive/2012/texmf-dist/tex/latex/inconsolata/inconsolata.sty
(/usr/local/texlive/2012/texmf-dist/tex/latex/base/textcomp.sty
(/usr/local/texlive/2012/texmf-dist/tex/latex/base/ts1enc.def))
(/usr/local/texlive/2012/texmf-dist/tex/latex/graphics/keyval.sty))
(/usr/local/texlive/2012/texmf-dist/tex/latex/graphics/color.sty
(/usr/local/texlive/2012/texmf-dist/tex/latex/latexconfig/color.cfg)
(/usr/local/texlive/2012/texmf-dist/tex/latex/pdftex-def/pdftex.def
(/usr/local/texlive/2012/texmf-dist/tex/generic/oberdiek/infwarerr.sty)
(/usr/local/texlive/2012/texmf-dist/tex/generic/oberdiek/ltxcmds.sty)))
(/usr/local/texlive/2012/texmf-dist/tex/latex/hyperref/hyperref.sty
(/usr/local/texlive/2012/texmf-dist/tex/generic/oberdiek/hobsub-hyperref.sty
(/usr/local/texlive/2012/texmf-dist/tex/generic/oberdiek/hobsub-generic.sty))
(/usr/local/texlive/2012/texmf-dist/tex/generic/ifxetex/ifxetex.sty)
(/usr/local/texlive/2012/texmf-dist/tex/latex/oberdiek/kvoptions.sty)
(/usr/local/texlive/2012/texmf-dist/tex/latex/hyperref/pd1enc.def)
(/usr/local/texlive/2012/texmf-dist/tex/latex/latexconfig/hyperref.cfg))

Package hyperref Message: Driver (autodetected): hpdftex.

(/usr/local/texlive/2012/texmf-dist/tex/latex/hyperref/hpdftex.def
(/usr/local/texlive/2012/texmf-dist/tex/latex/oberdiek/rerunfilecheck.sty))

Package hyperref Warning: Option `hyperindex' has already been used,
(hyperref)                setting the option has no effect on input line 356.


Package hyperref Warning: Option `pagebackref' has already been used,
(hyperref)                setting the option has no effect on input line 356.

) (/usr/local/texlive/2012/texmf-dist/tex/latex/base/makeidx.sty)
(/usr/local/texlive/2012/texmf-dist/tex/latex/base/inputenc.sty
(/usr/local/texlive/2012/texmf-dist/tex/latex/base/utf8.def
(/usr/local/texlive/2012/texmf-dist/tex/latex/base/t1enc.dfu)
(/usr/local/texlive/2012/texmf-dist/tex/latex/base/ot1enc.dfu)
(/usr/local/texlive/2012/texmf-dist/tex/latex/base/omsenc.dfu)
(/usr/local/texlive/2012/texmf-dist/tex/latex/base/ts1enc.dfu))
(/usr/local/texlive/2012/texmf-dist/tex/latex/base/latin1.def))
Writing index file Rd2.idx
No file Rd2.aux.
(/usr/local/texlive/2012/texmf-dist/tex/latex/base/ts1cmr.fd)
(/usr/local/texlive/2012/texmf-dist/tex/latex/psnfss/t1ptm.fd)
(/usr/local/texlive/2012/texmf-dist/tex/context/base/supp-pdf.mkii
[Loading MPS to PDF converter (version 2006.09.02).]
) (/usr/local/texlive/2012/texmf-dist/tex/latex/hyperref/nameref.sty
(/usr/local/texlive/2012/texmf-dist/tex/generic/oberdiek/gettitlestring.sty))
(/usr/local/texlive/2012/texmf-dist/tex/latex/inconsolata/t1fi4.fd)
(/usr/local/texlive/2012/texmf-dist/tex/latex/psnfss/t1phv.fd)
(/usr/local/texlive/2012/texmf-dist/tex/latex/base/utf8.def)
Overfull \vbox (30.37697pt too high) has occurred while \output is active
[1{/usr/local/texlive/2012/texmf-var/fonts/map/pdftex/updmap/pdftex.map}]
Overfull \hbox (95.58504pt too wide) in paragraph at lines 65--67
[]\T1/ptm/m/n/10 Please visit the web-site bel-low for more tu-to-ri-als and mo
re in-for-ma-tion http://sydney.edu.au/science/biology/meep/software/ 
[2] (/usr/local/texlive/2012/texmf-dist/tex/latex/base/utf8.def) [3]
Overfull \hbox (5.28088pt too wide) in paragraph at lines 171--171
 []\T1/fi4/m/n/9 write.nexus.data(as.list(woodmouse), file = "./clockstar_funct
ion_example/woodmouse.nex")[] 

Overfull \hbox (221.28088pt too wide) in paragraph at lines 182--182
 []\T1/fi4/m/n/9 write.dna(as.DNAbin(file.temp),file=paste(substr(files[i], 1,n
char(files[i])-4), ".fasta", sep=""),  format="fasta", nbcol=-1, colsep="")[] 
(/usr/local/texlive/2012/texmf-dist/tex/latex/base/utf8.def) [4] [5]
(/usr/local/texlive/2012/texmf-dist/tex/latex/base/utf8.def)
Overfull \hbox (179.78088pt too wide) in paragraph at lines 335--335
 []\T1/fi4/m/n/10 diagnostics.clockstar(groups.obj, save.plots = FALSE, plots.f
ile = "clockstar.diagnostics.pdf", interactive = TRUE)[] 
[6]
Overfull \hbox (2.66672pt too wide) in paragraph at lines 346--347
[]\T1/ptm/m/n/10 sbsdmin.matrix is the ma-trix of the pair-wise sB-S-D-min ma-t
rix es-ti-mated in Clock-
[7]
Overfull \hbox (63.78088pt too wide) in paragraph at lines 424--424
 []\T1/fi4/m/n/9 function(groups.obj, save.plots = FALSE, plots.file = "clockst
ar.diagnostics.pdf", interactive = TRUE)[] 

Overfull \hbox (266.28088pt too wide) in paragraph at lines 427--427
 []        \T1/fi4/m/n/9 stop("The object specified is not the correct format. 
Please provide an the output of function get.all.groups. Please use pam.restuls
 = T")[] 

Overfull \hbox (234.78088pt too wide) in paragraph at lines 441--441
 []        \T1/fi4/m/n/9 image(t(as.matrix(clust.matrix)), axes = F, col = samp
le(rainbow(ncol(clust.matrix)*100), ncol(clust.matrix)), ylab = "Data subset")[
] 

Overfull \hbox (189.78088pt too wide) in paragraph at lines 442--442
 []        \T1/fi4/m/n/9 mtext(text = rownames(clust.matrix), side = 2, line = 
0.3, at = seq(0, 1, 1/(nrow(clust.matrix) - 1)), las = 1, cex = 0.6)[] 

Overfull \hbox (162.78088pt too wide) in paragraph at lines 443--443
 []        \T1/fi4/m/n/9 mtext(text = paste0("k=", ks), side = 3, line = 0.3, a
t = seq(0, 1, 1/(ncol(clust.matrix) - 1)), las = 1, cex = 0.6)[] 

Overfull \hbox (261.78088pt too wide) in paragraph at lines 448--448
 []     \T1/fi4/m/n/9 errbar(x = ks, y = gap.stat, yplus = errs.up, yminus = er
rs.down, type = "b", pch = 20, xlab = expression(italic(k)), ylab = "Gap statis
tic")[] 

Overfull \hbox (45.78088pt too wide) in paragraph at lines 451--451
 []     \T1/fi4/m/n/9 lines(1:(length(groups.obj[[3]]) + 1), y = rep(0, length(
groups.obj[[3]]) + 1), col = "blue")[] 

Overfull \hbox (446.28088pt too wide) in paragraph at lines 452--452
 []     \T1/fi4/m/n/9 legend(x = max(ks)*0.7, y = min(gap.stat)*0.5, legend = c
("Gap statistic and SE" ,"Delta Gap statistic", "Gap statistic = 0"), cex = 0.8
, fill = c("black", "red", "blue"), bty = "n")[] 

Overfull \hbox (275.28088pt too wide) in paragraph at lines 459--459
 []        \T1/fi4/m/n/9 errbar(x = ks, y = gap.stat, yplus = errs.up, yminus =
 errs.down, type = "b", pch = 20, xlab = expression(italic(k)), ylab = "Gap sta
tistic")[] 

Overfull \hbox (68.28088pt too wide) in paragraph at lines 462--462
 []        \T1/fi4/m/n/9 lines(1:(length(groups.obj[[3]]) + 1), y = rep(0, leng
th(groups.obj[[3]]) + 1), , col = "blue")[] 

Underfull \vbox (badness 10000) has occurred while \output is active [8]
Overfull \hbox (459.78088pt too wide) in paragraph at lines 463--463
 []        \T1/fi4/m/n/9 legend(x = max(ks)*0.7, y = min(gap.stat)*0.5, legend 
= c("Gap statistic and SE" ,"Delta Gap statistic", "Gap statistic = 0"), cex = 
0.8, fill = c("black", "red", "blue"), bty = "n")[] 
(/usr/local/texlive/2012/texmf-dist/tex/latex/base/utf8.def)
Overfull \hbox (209.78088pt too wide) in paragraph at lines 482--482
 []\T1/fi4/m/n/10 get.all.groups(data.obj, n.b = 500, pam.results = F, save.par
titions = F, file.name = "partitions.txt", beta = 0.03, ...)[] 
[9] [10]
Overfull \hbox (50.28088pt too wide) in paragraph at lines 596--596
 []        \T1/fi4/m/n/9 print("FINDING THE BEST NUMBER OF PARTITIONS (k) WITH 
GAP STATISTIC AND THE PAM ALGORITHM")[] 

Underfull \vbox (badness 10000) has occurred while \output is active [11]
Underfull \vbox (badness 10000) has occurred while \output is active [12]
Overfull \hbox (482.28088pt too wide) in paragraph at lines 708--708
 []        \T1/fi4/m/n/9 stop("Please supply the distance between trees. This s
hould be an object of classs Matrix of data.frame. For objects of class dist, u
se as.matrix(data) to change the class of the object")[] 
(/usr/local/texlive/2012/texmf-dist/tex/latex/base/utf8.def)
Overfull \hbox (44.78088pt too wide) in paragraph at lines 725--725
 []\T1/fi4/m/n/10 get.all.groups.k(data.obj, k.man = 1, save.partitions = F, fi
le.name = "partitions.txt")[] 
[13] [14]
Overfull \hbox (122.28088pt too wide) in paragraph at lines 822--822
 []        \T1/fi4/m/n/9 print("The data object is a data frame or a matrix. Th
e partitions will be defined with the PAM algorithm")[] 

Overfull \hbox (257.28088pt too wide) in paragraph at lines 849--849
 []        \T1/fi4/m/n/9 print("The data object is a dendrogram (phylo object).
 The partitions will be defined but cutting the dendrobran along the longest ed
ge")[] 

Underfull \vbox (badness 10000) has occurred while \output is active [15]
(/usr/local/texlive/2012/texmf-dist/tex/latex/base/utf8.def) [16] [17]
(/usr/local/texlive/2012/texmf-dist/tex/latex/base/utf8.def)
Overfull \hbox (45.54584pt too wide) in paragraph at lines 1004--1005
[]\T1/ptm/m/n/10 This func-tion cal-cu-lates the BS-D-min dis-tance for a list 
of trees. For a par-al-lel ver-sion use min.dist.topo.mat.para 
[18]
Overfull \hbox (54.78088pt too wide) in paragraph at lines 1057--1057
 []\T1/fi4/m/n/9 trees[[i]]$edge.length <- abs(rnorm(length(tr$edge.length))) +
 0.01 # simulate random branch lengths[] 

Overfull \hbox (171.78088pt too wide) in paragraph at lines 1063--1063
 []\T1/fi4/m/n/9 hist(bsd.matrix.list[[1]], main = "BSDmin distances in simulat
ed branch lengths", ylab = "Frequency", xlab = expression(beta))[] 

Overfull \hbox (167.28088pt too wide) in paragraph at lines 1064--1064
 []\T1/fi4/m/n/9 hist(bsd.matrix.list[[2]], main = "Scaling factors in simulate
d branch lengths", ylab = "Frequency", xlab = expression(beta))[] 
[19]
Overfull \hbox (9.78088pt too wide) in paragraph at lines 1097--1097
 []        \T1/fi4/m/n/9 stop("The number of gene trees is <= 3. ClockstaR requ
ires at least gene 4 trees")[] 
(/usr/local/texlive/2012/texmf-dist/tex/latex/base/utf8.def) [20]
Overfull \hbox (54.78088pt too wide) in paragraph at lines 1177--1177
 []\T1/fi4/m/n/9 trees[[i]]$edge.length <- abs(rnorm(length(tr$edge.length))) +
 0.01 # simulate random branch lengths[] 

Overfull \hbox (207.78088pt too wide) in paragraph at lines 1180--1180
 []\T1/fi4/m/n/9 bsd.matrix.list <- min.dist.topo.mat.para(trees, para = FALSE,
 ncore = 1)# set para = T and ncore = number of cores to run in parallel[] 

Overfull \hbox (171.78088pt too wide) in paragraph at lines 1183--1183
 []\T1/fi4/m/n/9 hist(bsd.matrix.list[[1]], main = "BSDmin distances in simulat
ed branch lengths", ylab = "Frequency", xlab = expression(beta))[] 

Overfull \hbox (167.28088pt too wide) in paragraph at lines 1184--1184
 []\T1/fi4/m/n/9 hist(bsd.matrix.list[[2]], main = "Scaling factors in simulate
d branch lengths", ylab = "Frequency", xlab = expression(beta))[] 

Overfull \hbox (9.78088pt too wide) in paragraph at lines 1195--1195
 []        \T1/fi4/m/n/9 stop("The number of gene trees is <= 3. ClockstaR requ
ires at least gene 4 trees")[] 
[21]
Overfull \hbox (41.28088pt too wide) in paragraph at lines 1246--1246
 []            \T1/fi4/m/n/9 .packages = c("ape", "phangorn")) %dopar% compute.
tree.dists(tree.sub.list = s.trees,[] 

Overfull \hbox (27.78088pt too wide) in paragraph at lines 1252--1252
 []            \T1/fi4/m/n/9 .packages = c("ape", "phangorn")) %do% compute.tre
e.dists(tree.sub.list = s.trees,[] 

Underfull \vbox (badness 10000) has occurred while \output is active [22]
(/usr/local/texlive/2012/texmf-dist/tex/latex/base/utf8.def)
Overfull \hbox (294.78088pt too wide) in paragraph at lines 1286--1286
 []\T1/fi4/m/n/10 optim.edge.lengths(directory, fixed.tree, form = "fasta", mod
el.test = F, save.trees = F, tree.file.names = "output", para = F, ncore = 1)[]
 
[23]
Overfull \hbox (86.28088pt too wide) in paragraph at lines 1366--1366
 []\T1/fi4/m/n/9 optim.data <- optim.edge.lengths(directory = "optim_edge_lengt
hs_test", fixed.tree = tr, model.test = TRUE)[] 

Overfull \hbox (306.78088pt too wide) in paragraph at lines 1370--1370
 []\T1/fi4/m/n/9 for(i in 1:10) hist(optim.data[[1]][[i]]$edge.length, col = i,
 main = "", ylab = "Frequency", xlab = paste("Branch lengths for", names(optim.
data[[1]])[i]))[] 
[24]
Overfull \hbox (63.78088pt too wide) in paragraph at lines 1406--1406
 []            \T1/fi4/m/n/9 trees.opt[[b]] <- drop.tip(fixed.tree, as.characte
r(fixed.tree$tip.label[!tax.keep.temp]))[] 

Underfull \vbox (badness 10000) has occurred while \output is active [25]
Overfull \hbox (18.78088pt too wide) in paragraph at lines 1458--1458
 []        \T1/fi4/m/n/9 tree.par <- drop.tip(fixed.tree, as.character(fixed.tr
ee$tip.label[!tax.keep.temp]))[] 

Underfull \vbox (badness 10000) has occurred while \output is active [26]
(/usr/local/texlive/2012/texmf-dist/tex/latex/base/utf8.def)
Overfull \hbox (254.78088pt too wide) in paragraph at lines 1540--1540
 []\T1/fi4/m/n/10 run.clockstar(files.directory = "", out.file.name = "", para 
= F, ncore = 1, model.test = F, mode.run = "", k.man = 2, k.max, ...)[] 
[27] [28]
Overfull \hbox (0.78088pt too wide) in paragraph at lines 1611--1611
 []\T1/fi4/m/n/9 # see the example for the function get.all.groups for more det
ails on these simulations.[] 

Overfull \hbox (131.28088pt too wide) in paragraph at lines 1647--1647
 []    \T1/fi4/m/n/9 write.dna(secs.data[[i]], format = "fasta", nbcol = -1, co
lsep = "", file = paste("secs", i, ".fasta", sep = ""))[] 

Overfull \hbox (212.28088pt too wide) in paragraph at lines 1651--1651
 []\T1/fi4/m/n/9 #run.clockstar.mod(files.directory = "", out.file.name = "", p
ara = F, ncore = 1, model.test = F, mode.run = "", k.man = 2, k.max, ...)[] 

Overfull \hbox (27.78088pt too wide) in paragraph at lines 1653--1653
 []\T1/fi4/m/n/9 run.clockstar(files.directory = getwd(), out.file.name = "cloc
kstar_test_out", mode.run = "a")[] 

Underfull \vbox (badness 10000) has occurred while \output is active [29]
Overfull \hbox (171.78088pt too wide) in paragraph at lines 1663--1663
 []\T1/fi4/m/n/9 function(files.directory = "", out.file.name = "", para = F, n
core = 1, model.test = F, mode.run = "", k.man = 2, k.max, ...){[] 

Overfull \hbox (167.28088pt too wide) in paragraph at lines 1669--1669
 []\T1/fi4/m/n/9 stop("There are no tree, fasta, or nexus files in the director
y. Please make sure the files have the .tre, .fasta, or .nex ")[] 

Overfull \hbox (54.78088pt too wide) in paragraph at lines 1672--1672
 []\T1/fi4/m/n/9 out.file.name <- readline("Please give a name for the results 
file (default is clockstar.output): ")[] 

Overfull \hbox (23.28088pt too wide) in paragraph at lines 1678--1678
 []        \T1/fi4/m/n/9 mode.run <- readline("Run clockstar in automatic or ma
nual mode (type 'a' or 'm')? ")[] 

Overfull \hbox (189.78088pt too wide) in paragraph at lines 1704--1704
 []            \T1/fi4/m/n/9 delete.files <- readline("A clockstar run with the
 same output name already exists in this folder. Overwrite? (y/n) ")[] 

Underfull \vbox (badness 10000) has occurred while \output is active [30]
Underfull \vbox (badness 10000) has occurred while \output is active [31]
Overfull \hbox (68.28088pt too wide) in paragraph at lines 1787--1787
 []        \T1/fi4/m/n/9 diagnostics.output <- diagnostics.clockstar(parts, sav
e.plots = TRUE, interactive = FALSE, ...)[] 

Overfull \hbox (9.78088pt too wide) in paragraph at lines 1801--1801
 []    \T1/fi4/m/n/9 hist(bsd.data, xlab = expression(italic(sBSDmin)), main = 
expression(italic(sBSDmin)),[] 

Overfull \hbox (50.28088pt too wide) in paragraph at lines 1822--1822
 []\T1/fi4/m/n/9 diagnostics.output <- diagnostics.clockstar(parts.pre, save.pl
ots = TRUE, interactive = FALSE, ...)[] 

Overfull \hbox (50.28088pt too wide) in paragraph at lines 1824--1824
 []\T1/fi4/m/n/9 diagnostics.output <- diagnostics.clockstar(parts.pre, save.pl
ots = TRUE, interactive = FALSE, ...)[] 

Underfull \vbox (badness 10000) has occurred while \output is active [32]
No file Rd2.ind.
[33] (./Rd2.aux)

Package rerunfilecheck Warning: File `Rd2.out' has changed.
(rerunfilecheck)                Rerun to get outlines right
(rerunfilecheck)                or use package `bookmark'.

 )
(see the transcript file for additional information){/usr/local/texlive/2012/te
xmf-dist/fonts/enc/dvips/base/8r.enc}{/usr/local/texlive/2012/texmf-dist/fonts/
enc/dvips/inconsolata/fi4-ec.enc}</usr/local/texlive/2012/texmf-dist/fonts/type
1/public/inconsolata/Inconsolata.pfb></usr/local/texlive/2012/texmf-dist/fonts/
type1/urw/helvetic/uhvr8a.pfb></usr/local/texlive/2012/texmf-dist/fonts/type1/u
rw/times/utmb8a.pfb></usr/local/texlive/2012/texmf-dist/fonts/type1/urw/times/u
tmr8a.pfb></usr/local/texlive/2012/texmf-dist/fonts/type1/urw/times/utmr8a.pfb>
</usr/local/texlive/2012/texmf-dist/fonts/type1/urw/times/utmri8a.pfb>
Output written on Rd2.pdf (33 pages, 115393 bytes).
Transcript written on Rd2.log.
This is makeindex, version 2.15 [TeX Live 2012] (kpathsea + Thai support).
Scanning input file ./Rd2.idx....done (33 entries accepted, 0 rejected).
Sorting entries....done (170 comparisons).
Generating output file ./Rd2.ind....done (67 lines written, 0 warnings).
Output written in ./Rd2.ind.
Transcript written in ./Rd2.ilg.
This is pdfTeX, Version 3.1415926-2.4-1.40.13 (TeX Live 2012)
 restricted \write18 enabled.
entering extended mode
(/private/tmp/Rtmps8a8Li/Rd2pdffecd5894262c/Rd2.tex
LaTeX2e <2011/06/27>
Babel <v3.8m> and hyphenation patterns for english, dumylang, nohyphenation, ge
rman-x-2012-05-30, ngerman-x-2012-05-30, afrikaans, ancientgreek, ibycus, arabi
c, armenian, basque, bulgarian, catalan, pinyin, coptic, croatian, czech, danis
h, dutch, ukenglish, usenglishmax, esperanto, estonian, ethiopic, farsi, finnis
h, french, friulan, galician, german, ngerman, swissgerman, monogreek, greek, h
ungarian, icelandic, assamese, bengali, gujarati, hindi, kannada, malayalam, ma
rathi, oriya, panjabi, tamil, telugu, indonesian, interlingua, irish, italian, 
kurmanji, latin, latvian, lithuanian, mongolian, mongolianlmc, bokmal, nynorsk,
 polish, portuguese, romanian, romansh, russian, sanskrit, serbian, serbianc, s
lovak, slovenian, spanish, swedish, turkish, turkmen, ukrainian, uppersorbian, 
welsh, loaded.

(/usr/local/texlive/2012/texmf-dist/tex/latex/base/book.cls
Document Class: book 2007/10/19 v1.4h Standard LaTeX document class
(/usr/local/texlive/2012/texmf-dist/tex/latex/base/bk10.clo))
(/Library/Frameworks/R.framework/Resources/share/texmf/tex/latex/Rd.sty
(/usr/local/texlive/2012/texmf-dist/tex/latex/base/ifthen.sty)
(/usr/local/texlive/2012/texmf-dist/tex/latex/tools/longtable.sty)
(/usr/local/texlive/2012/texmf-dist/tex/latex/tools/bm.sty)
(/usr/local/texlive/2012/texmf-dist/tex/latex/base/alltt.sty)
(/usr/local/texlive/2012/texmf-dist/tex/latex/tools/verbatim.sty)
(/usr/local/texlive/2012/texmf-dist/tex/latex/url/url.sty) NOT loading ae
(/usr/local/texlive/2012/texmf-dist/tex/latex/base/fontenc.sty
(/usr/local/texlive/2012/texmf-dist/tex/latex/base/t1enc.def))
(/usr/local/texlive/2012/texmf-dist/tex/latex/psnfss/times.sty)
NOT loading lmodern
(/usr/local/texlive/2012/texmf-dist/tex/latex/inconsolata/inconsolata.sty
(/usr/local/texlive/2012/texmf-dist/tex/latex/base/textcomp.sty
(/usr/local/texlive/2012/texmf-dist/tex/latex/base/ts1enc.def))
(/usr/local/texlive/2012/texmf-dist/tex/latex/graphics/keyval.sty))
(/usr/local/texlive/2012/texmf-dist/tex/latex/graphics/color.sty
(/usr/local/texlive/2012/texmf-dist/tex/latex/latexconfig/color.cfg)
(/usr/local/texlive/2012/texmf-dist/tex/latex/pdftex-def/pdftex.def
(/usr/local/texlive/2012/texmf-dist/tex/generic/oberdiek/infwarerr.sty)
(/usr/local/texlive/2012/texmf-dist/tex/generic/oberdiek/ltxcmds.sty)))
(/usr/local/texlive/2012/texmf-dist/tex/latex/hyperref/hyperref.sty
(/usr/local/texlive/2012/texmf-dist/tex/generic/oberdiek/hobsub-hyperref.sty
(/usr/local/texlive/2012/texmf-dist/tex/generic/oberdiek/hobsub-generic.sty))
(/usr/local/texlive/2012/texmf-dist/tex/generic/ifxetex/ifxetex.sty)
(/usr/local/texlive/2012/texmf-dist/tex/latex/oberdiek/kvoptions.sty)
(/usr/local/texlive/2012/texmf-dist/tex/latex/hyperref/pd1enc.def)
(/usr/local/texlive/2012/texmf-dist/tex/latex/latexconfig/hyperref.cfg))

Package hyperref Message: Driver (autodetected): hpdftex.

(/usr/local/texlive/2012/texmf-dist/tex/latex/hyperref/hpdftex.def
(/usr/local/texlive/2012/texmf-dist/tex/latex/oberdiek/rerunfilecheck.sty))

Package hyperref Warning: Option `hyperindex' has already been used,
(hyperref)                setting the option has no effect on input line 356.


Package hyperref Warning: Option `pagebackref' has already been used,
(hyperref)                setting the option has no effect on input line 356.

) (/usr/local/texlive/2012/texmf-dist/tex/latex/base/makeidx.sty)
(/usr/local/texlive/2012/texmf-dist/tex/latex/base/inputenc.sty
(/usr/local/texlive/2012/texmf-dist/tex/latex/base/utf8.def
(/usr/local/texlive/2012/texmf-dist/tex/latex/base/t1enc.dfu)
(/usr/local/texlive/2012/texmf-dist/tex/latex/base/ot1enc.dfu)
(/usr/local/texlive/2012/texmf-dist/tex/latex/base/omsenc.dfu)
(/usr/local/texlive/2012/texmf-dist/tex/latex/base/ts1enc.dfu))
(/usr/local/texlive/2012/texmf-dist/tex/latex/base/latin1.def))
Writing index file Rd2.idx
(./Rd2.aux) (/usr/local/texlive/2012/texmf-dist/tex/latex/base/ts1cmr.fd)
(/usr/local/texlive/2012/texmf-dist/tex/latex/psnfss/t1ptm.fd)
(/usr/local/texlive/2012/texmf-dist/tex/context/base/supp-pdf.mkii
[Loading MPS to PDF converter (version 2006.09.02).]
) (/usr/local/texlive/2012/texmf-dist/tex/latex/hyperref/nameref.sty
(/usr/local/texlive/2012/texmf-dist/tex/generic/oberdiek/gettitlestring.sty))
(./Rd2.out) (./Rd2.out)
(/usr/local/texlive/2012/texmf-dist/tex/latex/inconsolata/t1fi4.fd)
(/usr/local/texlive/2012/texmf-dist/tex/latex/psnfss/t1phv.fd) (./Rd2.toc)
(/usr/local/texlive/2012/texmf-dist/tex/latex/base/utf8.def) [1{/usr/local/texl
ive/2012/texmf-var/fonts/map/pdftex/updmap/pdftex.map}]
Overfull \hbox (95.58504pt too wide) in paragraph at lines 65--67
[]\T1/ptm/m/n/10 Please visit the web-site bel-low for more tu-to-ri-als and mo
re in-for-ma-tion http://sydney.edu.au/science/biology/meep/software/ 
[2] (/usr/local/texlive/2012/texmf-dist/tex/latex/base/utf8.def) [3]
Overfull \hbox (5.28088pt too wide) in paragraph at lines 171--171
 []\T1/fi4/m/n/9 write.nexus.data(as.list(woodmouse), file = "./clockstar_funct
ion_example/woodmouse.nex")[] 

Overfull \hbox (221.28088pt too wide) in paragraph at lines 182--182
 []\T1/fi4/m/n/9 write.dna(as.DNAbin(file.temp),file=paste(substr(files[i], 1,n
char(files[i])-4), ".fasta", sep=""),  format="fasta", nbcol=-1, colsep="")[] 
(/usr/local/texlive/2012/texmf-dist/tex/latex/base/utf8.def) [4] [5]
Underfull \vbox (badness 10000) has occurred while \output is active [6]
(/usr/local/texlive/2012/texmf-dist/tex/latex/base/utf8.def)
Overfull \hbox (179.78088pt too wide) in paragraph at lines 335--335
 []\T1/fi4/m/n/10 diagnostics.clockstar(groups.obj, save.plots = FALSE, plots.f
ile = "clockstar.diagnostics.pdf", interactive = TRUE)[] 

Overfull \hbox (2.66672pt too wide) in paragraph at lines 346--347
[]\T1/ptm/m/n/10 sbsdmin.matrix is the ma-trix of the pair-wise sB-S-D-min ma-t
rix es-ti-mated in Clock-
[7]
Overfull \hbox (63.78088pt too wide) in paragraph at lines 424--424
 []\T1/fi4/m/n/9 function(groups.obj, save.plots = FALSE, plots.file = "clockst
ar.diagnostics.pdf", interactive = TRUE)[] 

Overfull \hbox (266.28088pt too wide) in paragraph at lines 427--427
 []        \T1/fi4/m/n/9 stop("The object specified is not the correct format. 
Please provide an the output of function get.all.groups. Please use pam.restuls
 = T")[] 
[8]
Overfull \hbox (234.78088pt too wide) in paragraph at lines 441--441
 []        \T1/fi4/m/n/9 image(t(as.matrix(clust.matrix)), axes = F, col = samp
le(rainbow(ncol(clust.matrix)*100), ncol(clust.matrix)), ylab = "Data subset")[
] 

Overfull \hbox (189.78088pt too wide) in paragraph at lines 442--442
 []        \T1/fi4/m/n/9 mtext(text = rownames(clust.matrix), side = 2, line = 
0.3, at = seq(0, 1, 1/(nrow(clust.matrix) - 1)), las = 1, cex = 0.6)[] 

Overfull \hbox (162.78088pt too wide) in paragraph at lines 443--443
 []        \T1/fi4/m/n/9 mtext(text = paste0("k=", ks), side = 3, line = 0.3, a
t = seq(0, 1, 1/(ncol(clust.matrix) - 1)), las = 1, cex = 0.6)[] 

Overfull \hbox (261.78088pt too wide) in paragraph at lines 448--448
 []     \T1/fi4/m/n/9 errbar(x = ks, y = gap.stat, yplus = errs.up, yminus = er
rs.down, type = "b", pch = 20, xlab = expression(italic(k)), ylab = "Gap statis
tic")[] 

Overfull \hbox (45.78088pt too wide) in paragraph at lines 451--451
 []     \T1/fi4/m/n/9 lines(1:(length(groups.obj[[3]]) + 1), y = rep(0, length(
groups.obj[[3]]) + 1), col = "blue")[] 

Overfull \hbox (446.28088pt too wide) in paragraph at lines 452--452
 []     \T1/fi4/m/n/9 legend(x = max(ks)*0.7, y = min(gap.stat)*0.5, legend = c
("Gap statistic and SE" ,"Delta Gap statistic", "Gap statistic = 0"), cex = 0.8
, fill = c("black", "red", "blue"), bty = "n")[] 

Overfull \hbox (275.28088pt too wide) in paragraph at lines 459--459
 []        \T1/fi4/m/n/9 errbar(x = ks, y = gap.stat, yplus = errs.up, yminus =
 errs.down, type = "b", pch = 20, xlab = expression(italic(k)), ylab = "Gap sta
tistic")[] 

Overfull \hbox (68.28088pt too wide) in paragraph at lines 462--462
 []        \T1/fi4/m/n/9 lines(1:(length(groups.obj[[3]]) + 1), y = rep(0, leng
th(groups.obj[[3]]) + 1), , col = "blue")[] 

Overfull \hbox (459.78088pt too wide) in paragraph at lines 463--463
 []        \T1/fi4/m/n/9 legend(x = max(ks)*0.7, y = min(gap.stat)*0.5, legend 
= c("Gap statistic and SE" ,"Delta Gap statistic", "Gap statistic = 0"), cex = 
0.8, fill = c("black", "red", "blue"), bty = "n")[] 
(/usr/local/texlive/2012/texmf-dist/tex/latex/base/utf8.def)
Overfull \hbox (209.78088pt too wide) in paragraph at lines 482--482
 []\T1/fi4/m/n/10 get.all.groups(data.obj, n.b = 500, pam.results = F, save.par
titions = F, file.name = "partitions.txt", beta = 0.03, ...)[] 
[9] [10]
Overfull \hbox (50.28088pt too wide) in paragraph at lines 596--596
 []        \T1/fi4/m/n/9 print("FINDING THE BEST NUMBER OF PARTITIONS (k) WITH 
GAP STATISTIC AND THE PAM ALGORITHM")[] 

Underfull \vbox (badness 10000) has occurred while \output is active [11]
Underfull \vbox (badness 10000) has occurred while \output is active [12]
Overfull \hbox (482.28088pt too wide) in paragraph at lines 708--708
 []        \T1/fi4/m/n/9 stop("Please supply the distance between trees. This s
hould be an object of classs Matrix of data.frame. For objects of class dist, u
se as.matrix(data) to change the class of the object")[] 
(/usr/local/texlive/2012/texmf-dist/tex/latex/base/utf8.def) [13]
Overfull \hbox (44.78088pt too wide) in paragraph at lines 725--725
 []\T1/fi4/m/n/10 get.all.groups.k(data.obj, k.man = 1, save.partitions = F, fi
le.name = "partitions.txt")[] 
[14]
Overfull \hbox (122.28088pt too wide) in paragraph at lines 822--822
 []        \T1/fi4/m/n/9 print("The data object is a data frame or a matrix. Th
e partitions will be defined with the PAM algorithm")[] 
[15]
Overfull \hbox (257.28088pt too wide) in paragraph at lines 849--849
 []        \T1/fi4/m/n/9 print("The data object is a dendrogram (phylo object).
 The partitions will be defined but cutting the dendrobran along the longest ed
ge")[] 

Underfull \vbox (badness 10000) has occurred while \output is active [16]
(/usr/local/texlive/2012/texmf-dist/tex/latex/base/utf8.def) [17] [18]
(/usr/local/texlive/2012/texmf-dist/tex/latex/base/utf8.def)
Overfull \hbox (45.54584pt too wide) in paragraph at lines 1004--1005
[]\T1/ptm/m/n/10 This func-tion cal-cu-lates the BS-D-min dis-tance for a list 
of trees. For a par-al-lel ver-sion use min.dist.topo.mat.para 

Overfull \hbox (54.78088pt too wide) in paragraph at lines 1057--1057
 []\T1/fi4/m/n/9 trees[[i]]$edge.length <- abs(rnorm(length(tr$edge.length))) +
 0.01 # simulate random branch lengths[] 
[19]
Overfull \hbox (171.78088pt too wide) in paragraph at lines 1063--1063
 []\T1/fi4/m/n/9 hist(bsd.matrix.list[[1]], main = "BSDmin distances in simulat
ed branch lengths", ylab = "Frequency", xlab = expression(beta))[] 

Overfull \hbox (167.28088pt too wide) in paragraph at lines 1064--1064
 []\T1/fi4/m/n/9 hist(bsd.matrix.list[[2]], main = "Scaling factors in simulate
d branch lengths", ylab = "Frequency", xlab = expression(beta))[] 

Overfull \hbox (9.78088pt too wide) in paragraph at lines 1097--1097
 []        \T1/fi4/m/n/9 stop("The number of gene trees is <= 3. ClockstaR requ
ires at least gene 4 trees")[] 
(/usr/local/texlive/2012/texmf-dist/tex/latex/base/utf8.def) [20] [21]
Overfull \hbox (54.78088pt too wide) in paragraph at lines 1177--1177
 []\T1/fi4/m/n/9 trees[[i]]$edge.length <- abs(rnorm(length(tr$edge.length))) +
 0.01 # simulate random branch lengths[] 

Overfull \hbox (207.78088pt too wide) in paragraph at lines 1180--1180
 []\T1/fi4/m/n/9 bsd.matrix.list <- min.dist.topo.mat.para(trees, para = FALSE,
 ncore = 1)# set para = T and ncore = number of cores to run in parallel[] 

Overfull \hbox (171.78088pt too wide) in paragraph at lines 1183--1183
 []\T1/fi4/m/n/9 hist(bsd.matrix.list[[1]], main = "BSDmin distances in simulat
ed branch lengths", ylab = "Frequency", xlab = expression(beta))[] 

Overfull \hbox (167.28088pt too wide) in paragraph at lines 1184--1184
 []\T1/fi4/m/n/9 hist(bsd.matrix.list[[2]], main = "Scaling factors in simulate
d branch lengths", ylab = "Frequency", xlab = expression(beta))[] 

Overfull \hbox (9.78088pt too wide) in paragraph at lines 1195--1195
 []        \T1/fi4/m/n/9 stop("The number of gene trees is <= 3. ClockstaR requ
ires at least gene 4 trees")[] 

Underfull \vbox (badness 10000) has occurred while \output is active [22]
Overfull \hbox (41.28088pt too wide) in paragraph at lines 1246--1246
 []            \T1/fi4/m/n/9 .packages = c("ape", "phangorn")) %dopar% compute.
tree.dists(tree.sub.list = s.trees,[] 

Overfull \hbox (27.78088pt too wide) in paragraph at lines 1252--1252
 []            \T1/fi4/m/n/9 .packages = c("ape", "phangorn")) %do% compute.tre
e.dists(tree.sub.list = s.trees,[] 
(/usr/local/texlive/2012/texmf-dist/tex/latex/base/utf8.def) [23]
Overfull \hbox (294.78088pt too wide) in paragraph at lines 1286--1286
 []\T1/fi4/m/n/10 optim.edge.lengths(directory, fixed.tree, form = "fasta", mod
el.test = F, save.trees = F, tree.file.names = "output", para = F, ncore = 1)[]
 
[24]
Overfull \hbox (86.28088pt too wide) in paragraph at lines 1366--1366
 []\T1/fi4/m/n/9 optim.data <- optim.edge.lengths(directory = "optim_edge_lengt
hs_test", fixed.tree = tr, model.test = TRUE)[] 

Overfull \hbox (306.78088pt too wide) in paragraph at lines 1370--1370
 []\T1/fi4/m/n/9 for(i in 1:10) hist(optim.data[[1]][[i]]$edge.length, col = i,
 main = "", ylab = "Frequency", xlab = paste("Branch lengths for", names(optim.
data[[1]])[i]))[] 
[25]
Overfull \hbox (63.78088pt too wide) in paragraph at lines 1406--1406
 []            \T1/fi4/m/n/9 trees.opt[[b]] <- drop.tip(fixed.tree, as.characte
r(fixed.tree$tip.label[!tax.keep.temp]))[] 

Underfull \vbox (badness 10000) has occurred while \output is active [26]
Overfull \hbox (18.78088pt too wide) in paragraph at lines 1458--1458
 []        \T1/fi4/m/n/9 tree.par <- drop.tip(fixed.tree, as.character(fixed.tr
ee$tip.label[!tax.keep.temp]))[] 

Underfull \vbox (badness 10000) has occurred while \output is active [27]
(/usr/local/texlive/2012/texmf-dist/tex/latex/base/utf8.def)
Overfull \hbox (254.78088pt too wide) in paragraph at lines 1540--1540
 []\T1/fi4/m/n/10 run.clockstar(files.directory = "", out.file.name = "", para 
= F, ncore = 1, model.test = F, mode.run = "", k.man = 2, k.max, ...)[] 
[28]
Overfull \hbox (0.78088pt too wide) in paragraph at lines 1611--1611
 []\T1/fi4/m/n/9 # see the example for the function get.all.groups for more det
ails on these simulations.[] 
[29]
Overfull \hbox (131.28088pt too wide) in paragraph at lines 1647--1647
 []    \T1/fi4/m/n/9 write.dna(secs.data[[i]], format = "fasta", nbcol = -1, co
lsep = "", file = paste("secs", i, ".fasta", sep = ""))[] 

Overfull \hbox (212.28088pt too wide) in paragraph at lines 1651--1651
 []\T1/fi4/m/n/9 #run.clockstar.mod(files.directory = "", out.file.name = "", p
ara = F, ncore = 1, model.test = F, mode.run = "", k.man = 2, k.max, ...)[] 

Overfull \hbox (27.78088pt too wide) in paragraph at lines 1653--1653
 []\T1/fi4/m/n/9 run.clockstar(files.directory = getwd(), out.file.name = "cloc
kstar_test_out", mode.run = "a")[] 

Overfull \hbox (171.78088pt too wide) in paragraph at lines 1663--1663
 []\T1/fi4/m/n/9 function(files.directory = "", out.file.name = "", para = F, n
core = 1, model.test = F, mode.run = "", k.man = 2, k.max, ...){[] 

Overfull \hbox (167.28088pt too wide) in paragraph at lines 1669--1669
 []\T1/fi4/m/n/9 stop("There are no tree, fasta, or nexus files in the director
y. Please make sure the files have the .tre, .fasta, or .nex ")[] 

Overfull \hbox (54.78088pt too wide) in paragraph at lines 1672--1672
 []\T1/fi4/m/n/9 out.file.name <- readline("Please give a name for the results 
file (default is clockstar.output): ")[] 

Overfull \hbox (23.28088pt too wide) in paragraph at lines 1678--1678
 []        \T1/fi4/m/n/9 mode.run <- readline("Run clockstar in automatic or ma
nual mode (type 'a' or 'm')? ")[] 

Underfull \vbox (badness 10000) has occurred while \output is active [30]
Overfull \hbox (189.78088pt too wide) in paragraph at lines 1704--1704
 []            \T1/fi4/m/n/9 delete.files <- readline("A clockstar run with the
 same output name already exists in this folder. Overwrite? (y/n) ")[] 

Underfull \vbox (badness 10000) has occurred while \output is active [31]
Overfull \hbox (68.28088pt too wide) in paragraph at lines 1787--1787
 []        \T1/fi4/m/n/9 diagnostics.output <- diagnostics.clockstar(parts, sav
e.plots = TRUE, interactive = FALSE, ...)[] 

Underfull \vbox (badness 10000) has occurred while \output is active [32]
Overfull \hbox (9.78088pt too wide) in paragraph at lines 1801--1801
 []    \T1/fi4/m/n/9 hist(bsd.data, xlab = expression(italic(sBSDmin)), main = 
expression(italic(sBSDmin)),[] 

Overfull \hbox (50.28088pt too wide) in paragraph at lines 1822--1822
 []\T1/fi4/m/n/9 diagnostics.output <- diagnostics.clockstar(parts.pre, save.pl
ots = TRUE, interactive = FALSE, ...)[] 

Overfull \hbox (50.28088pt too wide) in paragraph at lines 1824--1824
 []\T1/fi4/m/n/9 diagnostics.output <- diagnostics.clockstar(parts.pre, save.pl
ots = TRUE, interactive = FALSE, ...)[] 
(./Rd2.ind [33]

LaTeX Font Warning: Font shape `T1/fi4/m/it' undefined
(Font)              using `T1/fi4/m/n' instead on input line 38.

[34]) (./Rd2.aux)

Package rerunfilecheck Warning: File `Rd2.out' has changed.
(rerunfilecheck)                Rerun to get outlines right
(rerunfilecheck)                or use package `bookmark'.


LaTeX Font Warning: Some font shapes were not available, defaults substituted.

 )
(see the transcript file for additional information){/usr/local/texlive/2012/te
xmf-dist/fonts/enc/dvips/base/8r.enc}{/usr/local/texlive/2012/texmf-dist/fonts/
enc/dvips/inconsolata/fi4-ec.enc}</usr/local/texlive/2012/texmf-dist/fonts/type
1/public/inconsolata/Inconsolata.pfb></usr/local/texlive/2012/texmf-dist/fonts/
type1/public/amsfonts/cm/cmsy10.pfb></usr/local/texlive/2012/texmf-dist/fonts/t
ype1/urw/helvetic/uhvr8a.pfb></usr/local/texlive/2012/texmf-dist/fonts/type1/ur
w/times/utmb8a.pfb></usr/local/texlive/2012/texmf-dist/fonts/type1/urw/times/ut
mr8a.pfb></usr/local/texlive/2012/texmf-dist/fonts/type1/urw/times/utmr8a.pfb><
/usr/local/texlive/2012/texmf-dist/fonts/type1/urw/times/utmri8a.pfb>
Output written on Rd2.pdf (34 pages, 126341 bytes).
Transcript written on Rd2.log.
This is makeindex, version 2.15 [TeX Live 2012] (kpathsea + Thai support).
Scanning input file ./Rd2.idx....done (33 entries accepted, 0 rejected).
Sorting entries....done (170 comparisons).
Generating output file ./Rd2.ind....done (67 lines written, 0 warnings).
Output written in ./Rd2.ind.
Transcript written in ./Rd2.ilg.
This is pdfTeX, Version 3.1415926-2.4-1.40.13 (TeX Live 2012)
 restricted \write18 enabled.
entering extended mode
(/private/tmp/Rtmps8a8Li/Rd2pdffecd5894262c/Rd2.tex
LaTeX2e <2011/06/27>
Babel <v3.8m> and hyphenation patterns for english, dumylang, nohyphenation, ge
rman-x-2012-05-30, ngerman-x-2012-05-30, afrikaans, ancientgreek, ibycus, arabi
c, armenian, basque, bulgarian, catalan, pinyin, coptic, croatian, czech, danis
h, dutch, ukenglish, usenglishmax, esperanto, estonian, ethiopic, farsi, finnis
h, french, friulan, galician, german, ngerman, swissgerman, monogreek, greek, h
ungarian, icelandic, assamese, bengali, gujarati, hindi, kannada, malayalam, ma
rathi, oriya, panjabi, tamil, telugu, indonesian, interlingua, irish, italian, 
kurmanji, latin, latvian, lithuanian, mongolian, mongolianlmc, bokmal, nynorsk,
 polish, portuguese, romanian, romansh, russian, sanskrit, serbian, serbianc, s
lovak, slovenian, spanish, swedish, turkish, turkmen, ukrainian, uppersorbian, 
welsh, loaded.

(/usr/local/texlive/2012/texmf-dist/tex/latex/base/book.cls
Document Class: book 2007/10/19 v1.4h Standard LaTeX document class
(/usr/local/texlive/2012/texmf-dist/tex/latex/base/bk10.clo))
(/Library/Frameworks/R.framework/Resources/share/texmf/tex/latex/Rd.sty
(/usr/local/texlive/2012/texmf-dist/tex/latex/base/ifthen.sty)
(/usr/local/texlive/2012/texmf-dist/tex/latex/tools/longtable.sty)
(/usr/local/texlive/2012/texmf-dist/tex/latex/tools/bm.sty)
(/usr/local/texlive/2012/texmf-dist/tex/latex/base/alltt.sty)
(/usr/local/texlive/2012/texmf-dist/tex/latex/tools/verbatim.sty)
(/usr/local/texlive/2012/texmf-dist/tex/latex/url/url.sty) NOT loading ae
(/usr/local/texlive/2012/texmf-dist/tex/latex/base/fontenc.sty
(/usr/local/texlive/2012/texmf-dist/tex/latex/base/t1enc.def))
(/usr/local/texlive/2012/texmf-dist/tex/latex/psnfss/times.sty)
NOT loading lmodern
(/usr/local/texlive/2012/texmf-dist/tex/latex/inconsolata/inconsolata.sty
(/usr/local/texlive/2012/texmf-dist/tex/latex/base/textcomp.sty
(/usr/local/texlive/2012/texmf-dist/tex/latex/base/ts1enc.def))
(/usr/local/texlive/2012/texmf-dist/tex/latex/graphics/keyval.sty))
(/usr/local/texlive/2012/texmf-dist/tex/latex/graphics/color.sty
(/usr/local/texlive/2012/texmf-dist/tex/latex/latexconfig/color.cfg)
(/usr/local/texlive/2012/texmf-dist/tex/latex/pdftex-def/pdftex.def
(/usr/local/texlive/2012/texmf-dist/tex/generic/oberdiek/infwarerr.sty)
(/usr/local/texlive/2012/texmf-dist/tex/generic/oberdiek/ltxcmds.sty)))
(/usr/local/texlive/2012/texmf-dist/tex/latex/hyperref/hyperref.sty
(/usr/local/texlive/2012/texmf-dist/tex/generic/oberdiek/hobsub-hyperref.sty
(/usr/local/texlive/2012/texmf-dist/tex/generic/oberdiek/hobsub-generic.sty))
(/usr/local/texlive/2012/texmf-dist/tex/generic/ifxetex/ifxetex.sty)
(/usr/local/texlive/2012/texmf-dist/tex/latex/oberdiek/kvoptions.sty)
(/usr/local/texlive/2012/texmf-dist/tex/latex/hyperref/pd1enc.def)
(/usr/local/texlive/2012/texmf-dist/tex/latex/latexconfig/hyperref.cfg))

Package hyperref Message: Driver (autodetected): hpdftex.

(/usr/local/texlive/2012/texmf-dist/tex/latex/hyperref/hpdftex.def
(/usr/local/texlive/2012/texmf-dist/tex/latex/oberdiek/rerunfilecheck.sty))

Package hyperref Warning: Option `hyperindex' has already been used,
(hyperref)                setting the option has no effect on input line 356.


Package hyperref Warning: Option `pagebackref' has already been used,
(hyperref)                setting the option has no effect on input line 356.

) (/usr/local/texlive/2012/texmf-dist/tex/latex/base/makeidx.sty)
(/usr/local/texlive/2012/texmf-dist/tex/latex/base/inputenc.sty
(/usr/local/texlive/2012/texmf-dist/tex/latex/base/utf8.def
(/usr/local/texlive/2012/texmf-dist/tex/latex/base/t1enc.dfu)
(/usr/local/texlive/2012/texmf-dist/tex/latex/base/ot1enc.dfu)
(/usr/local/texlive/2012/texmf-dist/tex/latex/base/omsenc.dfu)
(/usr/local/texlive/2012/texmf-dist/tex/latex/base/ts1enc.dfu))
(/usr/local/texlive/2012/texmf-dist/tex/latex/base/latin1.def))
Writing index file Rd2.idx
(./Rd2.aux) (/usr/local/texlive/2012/texmf-dist/tex/latex/base/ts1cmr.fd)
(/usr/local/texlive/2012/texmf-dist/tex/latex/psnfss/t1ptm.fd)
(/usr/local/texlive/2012/texmf-dist/tex/context/base/supp-pdf.mkii
[Loading MPS to PDF converter (version 2006.09.02).]
) (/usr/local/texlive/2012/texmf-dist/tex/latex/hyperref/nameref.sty
(/usr/local/texlive/2012/texmf-dist/tex/generic/oberdiek/gettitlestring.sty))
(./Rd2.out) (./Rd2.out)
(/usr/local/texlive/2012/texmf-dist/tex/latex/inconsolata/t1fi4.fd)
(/usr/local/texlive/2012/texmf-dist/tex/latex/psnfss/t1phv.fd) (./Rd2.toc)
(/usr/local/texlive/2012/texmf-dist/tex/latex/base/utf8.def) [1{/usr/local/texl
ive/2012/texmf-var/fonts/map/pdftex/updmap/pdftex.map}]
Overfull \hbox (95.58504pt too wide) in paragraph at lines 65--67
[]\T1/ptm/m/n/10 Please visit the web-site bel-low for more tu-to-ri-als and mo
re in-for-ma-tion http://sydney.edu.au/science/biology/meep/software/ 
[2] (/usr/local/texlive/2012/texmf-dist/tex/latex/base/utf8.def) [3]
Overfull \hbox (5.28088pt too wide) in paragraph at lines 171--171
 []\T1/fi4/m/n/9 write.nexus.data(as.list(woodmouse), file = "./clockstar_funct
ion_example/woodmouse.nex")[] 

Overfull \hbox (221.28088pt too wide) in paragraph at lines 182--182
 []\T1/fi4/m/n/9 write.dna(as.DNAbin(file.temp),file=paste(substr(files[i], 1,n
char(files[i])-4), ".fasta", sep=""),  format="fasta", nbcol=-1, colsep="")[] 
(/usr/local/texlive/2012/texmf-dist/tex/latex/base/utf8.def) [4] [5]
Underfull \vbox (badness 10000) has occurred while \output is active [6]
(/usr/local/texlive/2012/texmf-dist/tex/latex/base/utf8.def)
Overfull \hbox (179.78088pt too wide) in paragraph at lines 335--335
 []\T1/fi4/m/n/10 diagnostics.clockstar(groups.obj, save.plots = FALSE, plots.f
ile = "clockstar.diagnostics.pdf", interactive = TRUE)[] 

Overfull \hbox (2.66672pt too wide) in paragraph at lines 346--347
[]\T1/ptm/m/n/10 sbsdmin.matrix is the ma-trix of the pair-wise sB-S-D-min ma-t
rix es-ti-mated in Clock-
[7]
Overfull \hbox (63.78088pt too wide) in paragraph at lines 424--424
 []\T1/fi4/m/n/9 function(groups.obj, save.plots = FALSE, plots.file = "clockst
ar.diagnostics.pdf", interactive = TRUE)[] 

Overfull \hbox (266.28088pt too wide) in paragraph at lines 427--427
 []        \T1/fi4/m/n/9 stop("The object specified is not the correct format. 
Please provide an the output of function get.all.groups. Please use pam.restuls
 = T")[] 
[8]
Overfull \hbox (234.78088pt too wide) in paragraph at lines 441--441
 []        \T1/fi4/m/n/9 image(t(as.matrix(clust.matrix)), axes = F, col = samp
le(rainbow(ncol(clust.matrix)*100), ncol(clust.matrix)), ylab = "Data subset")[
] 

Overfull \hbox (189.78088pt too wide) in paragraph at lines 442--442
 []        \T1/fi4/m/n/9 mtext(text = rownames(clust.matrix), side = 2, line = 
0.3, at = seq(0, 1, 1/(nrow(clust.matrix) - 1)), las = 1, cex = 0.6)[] 

Overfull \hbox (162.78088pt too wide) in paragraph at lines 443--443
 []        \T1/fi4/m/n/9 mtext(text = paste0("k=", ks), side = 3, line = 0.3, a
t = seq(0, 1, 1/(ncol(clust.matrix) - 1)), las = 1, cex = 0.6)[] 

Overfull \hbox (261.78088pt too wide) in paragraph at lines 448--448
 []     \T1/fi4/m/n/9 errbar(x = ks, y = gap.stat, yplus = errs.up, yminus = er
rs.down, type = "b", pch = 20, xlab = expression(italic(k)), ylab = "Gap statis
tic")[] 

Overfull \hbox (45.78088pt too wide) in paragraph at lines 451--451
 []     \T1/fi4/m/n/9 lines(1:(length(groups.obj[[3]]) + 1), y = rep(0, length(
groups.obj[[3]]) + 1), col = "blue")[] 

Overfull \hbox (446.28088pt too wide) in paragraph at lines 452--452
 []     \T1/fi4/m/n/9 legend(x = max(ks)*0.7, y = min(gap.stat)*0.5, legend = c
("Gap statistic and SE" ,"Delta Gap statistic", "Gap statistic = 0"), cex = 0.8
, fill = c("black", "red", "blue"), bty = "n")[] 

Overfull \hbox (275.28088pt too wide) in paragraph at lines 459--459
 []        \T1/fi4/m/n/9 errbar(x = ks, y = gap.stat, yplus = errs.up, yminus =
 errs.down, type = "b", pch = 20, xlab = expression(italic(k)), ylab = "Gap sta
tistic")[] 

Overfull \hbox (68.28088pt too wide) in paragraph at lines 462--462
 []        \T1/fi4/m/n/9 lines(1:(length(groups.obj[[3]]) + 1), y = rep(0, leng
th(groups.obj[[3]]) + 1), , col = "blue")[] 

Overfull \hbox (459.78088pt too wide) in paragraph at lines 463--463
 []        \T1/fi4/m/n/9 legend(x = max(ks)*0.7, y = min(gap.stat)*0.5, legend 
= c("Gap statistic and SE" ,"Delta Gap statistic", "Gap statistic = 0"), cex = 
0.8, fill = c("black", "red", "blue"), bty = "n")[] 
(/usr/local/texlive/2012/texmf-dist/tex/latex/base/utf8.def)
Overfull \hbox (209.78088pt too wide) in paragraph at lines 482--482
 []\T1/fi4/m/n/10 get.all.groups(data.obj, n.b = 500, pam.results = F, save.par
titions = F, file.name = "partitions.txt", beta = 0.03, ...)[] 
[9] [10]
Overfull \hbox (50.28088pt too wide) in paragraph at lines 596--596
 []        \T1/fi4/m/n/9 print("FINDING THE BEST NUMBER OF PARTITIONS (k) WITH 
GAP STATISTIC AND THE PAM ALGORITHM")[] 

Underfull \vbox (badness 10000) has occurred while \output is active [11]
Underfull \vbox (badness 10000) has occurred while \output is active [12]
Overfull \hbox (482.28088pt too wide) in paragraph at lines 708--708
 []        \T1/fi4/m/n/9 stop("Please supply the distance between trees. This s
hould be an object of classs Matrix of data.frame. For objects of class dist, u
se as.matrix(data) to change the class of the object")[] 
(/usr/local/texlive/2012/texmf-dist/tex/latex/base/utf8.def) [13]
Overfull \hbox (44.78088pt too wide) in paragraph at lines 725--725
 []\T1/fi4/m/n/10 get.all.groups.k(data.obj, k.man = 1, save.partitions = F, fi
le.name = "partitions.txt")[] 
[14]
Overfull \hbox (122.28088pt too wide) in paragraph at lines 822--822
 []        \T1/fi4/m/n/9 print("The data object is a data frame or a matrix. Th
e partitions will be defined with the PAM algorithm")[] 
[15]
Overfull \hbox (257.28088pt too wide) in paragraph at lines 849--849
 []        \T1/fi4/m/n/9 print("The data object is a dendrogram (phylo object).
 The partitions will be defined but cutting the dendrobran along the longest ed
ge")[] 

Underfull \vbox (badness 10000) has occurred while \output is active [16]
(/usr/local/texlive/2012/texmf-dist/tex/latex/base/utf8.def) [17] [18]
(/usr/local/texlive/2012/texmf-dist/tex/latex/base/utf8.def)
Overfull \hbox (45.54584pt too wide) in paragraph at lines 1004--1005
[]\T1/ptm/m/n/10 This func-tion cal-cu-lates the BS-D-min dis-tance for a list 
of trees. For a par-al-lel ver-sion use min.dist.topo.mat.para 

Overfull \hbox (54.78088pt too wide) in paragraph at lines 1057--1057
 []\T1/fi4/m/n/9 trees[[i]]$edge.length <- abs(rnorm(length(tr$edge.length))) +
 0.01 # simulate random branch lengths[] 
[19]
Overfull \hbox (171.78088pt too wide) in paragraph at lines 1063--1063
 []\T1/fi4/m/n/9 hist(bsd.matrix.list[[1]], main = "BSDmin distances in simulat
ed branch lengths", ylab = "Frequency", xlab = expression(beta))[] 

Overfull \hbox (167.28088pt too wide) in paragraph at lines 1064--1064
 []\T1/fi4/m/n/9 hist(bsd.matrix.list[[2]], main = "Scaling factors in simulate
d branch lengths", ylab = "Frequency", xlab = expression(beta))[] 

Overfull \hbox (9.78088pt too wide) in paragraph at lines 1097--1097
 []        \T1/fi4/m/n/9 stop("The number of gene trees is <= 3. ClockstaR requ
ires at least gene 4 trees")[] 
(/usr/local/texlive/2012/texmf-dist/tex/latex/base/utf8.def) [20] [21]
Overfull \hbox (54.78088pt too wide) in paragraph at lines 1177--1177
 []\T1/fi4/m/n/9 trees[[i]]$edge.length <- abs(rnorm(length(tr$edge.length))) +
 0.01 # simulate random branch lengths[] 

Overfull \hbox (207.78088pt too wide) in paragraph at lines 1180--1180
 []\T1/fi4/m/n/9 bsd.matrix.list <- min.dist.topo.mat.para(trees, para = FALSE,
 ncore = 1)# set para = T and ncore = number of cores to run in parallel[] 

Overfull \hbox (171.78088pt too wide) in paragraph at lines 1183--1183
 []\T1/fi4/m/n/9 hist(bsd.matrix.list[[1]], main = "BSDmin distances in simulat
ed branch lengths", ylab = "Frequency", xlab = expression(beta))[] 

Overfull \hbox (167.28088pt too wide) in paragraph at lines 1184--1184
 []\T1/fi4/m/n/9 hist(bsd.matrix.list[[2]], main = "Scaling factors in simulate
d branch lengths", ylab = "Frequency", xlab = expression(beta))[] 

Overfull \hbox (9.78088pt too wide) in paragraph at lines 1195--1195
 []        \T1/fi4/m/n/9 stop("The number of gene trees is <= 3. ClockstaR requ
ires at least gene 4 trees")[] 

Underfull \vbox (badness 10000) has occurred while \output is active [22]
Overfull \hbox (41.28088pt too wide) in paragraph at lines 1246--1246
 []            \T1/fi4/m/n/9 .packages = c("ape", "phangorn")) %dopar% compute.
tree.dists(tree.sub.list = s.trees,[] 

Overfull \hbox (27.78088pt too wide) in paragraph at lines 1252--1252
 []            \T1/fi4/m/n/9 .packages = c("ape", "phangorn")) %do% compute.tre
e.dists(tree.sub.list = s.trees,[] 
(/usr/local/texlive/2012/texmf-dist/tex/latex/base/utf8.def) [23]
Overfull \hbox (294.78088pt too wide) in paragraph at lines 1286--1286
 []\T1/fi4/m/n/10 optim.edge.lengths(directory, fixed.tree, form = "fasta", mod
el.test = F, save.trees = F, tree.file.names = "output", para = F, ncore = 1)[]
 
[24]
Overfull \hbox (86.28088pt too wide) in paragraph at lines 1366--1366
 []\T1/fi4/m/n/9 optim.data <- optim.edge.lengths(directory = "optim_edge_lengt
hs_test", fixed.tree = tr, model.test = TRUE)[] 

Overfull \hbox (306.78088pt too wide) in paragraph at lines 1370--1370
 []\T1/fi4/m/n/9 for(i in 1:10) hist(optim.data[[1]][[i]]$edge.length, col = i,
 main = "", ylab = "Frequency", xlab = paste("Branch lengths for", names(optim.
data[[1]])[i]))[] 
[25]
Overfull \hbox (63.78088pt too wide) in paragraph at lines 1406--1406
 []            \T1/fi4/m/n/9 trees.opt[[b]] <- drop.tip(fixed.tree, as.characte
r(fixed.tree$tip.label[!tax.keep.temp]))[] 

Underfull \vbox (badness 10000) has occurred while \output is active [26]
Overfull \hbox (18.78088pt too wide) in paragraph at lines 1458--1458
 []        \T1/fi4/m/n/9 tree.par <- drop.tip(fixed.tree, as.character(fixed.tr
ee$tip.label[!tax.keep.temp]))[] 

Underfull \vbox (badness 10000) has occurred while \output is active [27]
(/usr/local/texlive/2012/texmf-dist/tex/latex/base/utf8.def)
Overfull \hbox (254.78088pt too wide) in paragraph at lines 1540--1540
 []\T1/fi4/m/n/10 run.clockstar(files.directory = "", out.file.name = "", para 
= F, ncore = 1, model.test = F, mode.run = "", k.man = 2, k.max, ...)[] 
[28]
Overfull \hbox (0.78088pt too wide) in paragraph at lines 1611--1611
 []\T1/fi4/m/n/9 # see the example for the function get.all.groups for more det
ails on these simulations.[] 
[29]
Overfull \hbox (131.28088pt too wide) in paragraph at lines 1647--1647
 []    \T1/fi4/m/n/9 write.dna(secs.data[[i]], format = "fasta", nbcol = -1, co
lsep = "", file = paste("secs", i, ".fasta", sep = ""))[] 

Overfull \hbox (212.28088pt too wide) in paragraph at lines 1651--1651
 []\T1/fi4/m/n/9 #run.clockstar.mod(files.directory = "", out.file.name = "", p
ara = F, ncore = 1, model.test = F, mode.run = "", k.man = 2, k.max, ...)[] 

Overfull \hbox (27.78088pt too wide) in paragraph at lines 1653--1653
 []\T1/fi4/m/n/9 run.clockstar(files.directory = getwd(), out.file.name = "cloc
kstar_test_out", mode.run = "a")[] 

Overfull \hbox (171.78088pt too wide) in paragraph at lines 1663--1663
 []\T1/fi4/m/n/9 function(files.directory = "", out.file.name = "", para = F, n
core = 1, model.test = F, mode.run = "", k.man = 2, k.max, ...){[] 

Overfull \hbox (167.28088pt too wide) in paragraph at lines 1669--1669
 []\T1/fi4/m/n/9 stop("There are no tree, fasta, or nexus files in the director
y. Please make sure the files have the .tre, .fasta, or .nex ")[] 

Overfull \hbox (54.78088pt too wide) in paragraph at lines 1672--1672
 []\T1/fi4/m/n/9 out.file.name <- readline("Please give a name for the results 
file (default is clockstar.output): ")[] 

Overfull \hbox (23.28088pt too wide) in paragraph at lines 1678--1678
 []        \T1/fi4/m/n/9 mode.run <- readline("Run clockstar in automatic or ma
nual mode (type 'a' or 'm')? ")[] 

Underfull \vbox (badness 10000) has occurred while \output is active [30]
Overfull \hbox (189.78088pt too wide) in paragraph at lines 1704--1704
 []            \T1/fi4/m/n/9 delete.files <- readline("A clockstar run with the
 same output name already exists in this folder. Overwrite? (y/n) ")[] 

Underfull \vbox (badness 10000) has occurred while \output is active [31]
Overfull \hbox (68.28088pt too wide) in paragraph at lines 1787--1787
 []        \T1/fi4/m/n/9 diagnostics.output <- diagnostics.clockstar(parts, sav
e.plots = TRUE, interactive = FALSE, ...)[] 

Underfull \vbox (badness 10000) has occurred while \output is active [32]
Overfull \hbox (9.78088pt too wide) in paragraph at lines 1801--1801
 []    \T1/fi4/m/n/9 hist(bsd.data, xlab = expression(italic(sBSDmin)), main = 
expression(italic(sBSDmin)),[] 

Overfull \hbox (50.28088pt too wide) in paragraph at lines 1822--1822
 []\T1/fi4/m/n/9 diagnostics.output <- diagnostics.clockstar(parts.pre, save.pl
ots = TRUE, interactive = FALSE, ...)[] 

Overfull \hbox (50.28088pt too wide) in paragraph at lines 1824--1824
 []\T1/fi4/m/n/9 diagnostics.output <- diagnostics.clockstar(parts.pre, save.pl
ots = TRUE, interactive = FALSE, ...)[] 
(./Rd2.ind [33]

LaTeX Font Warning: Font shape `T1/fi4/m/it' undefined
(Font)              using `T1/fi4/m/n' instead on input line 38.

[34]) (./Rd2.aux)

LaTeX Font Warning: Some font shapes were not available, defaults substituted.

 )
(see the transcript file for additional information){/usr/local/texlive/2012/te
xmf-dist/fonts/enc/dvips/base/8r.enc}{/usr/local/texlive/2012/texmf-dist/fonts/
enc/dvips/inconsolata/fi4-ec.enc}</usr/local/texlive/2012/texmf-dist/fonts/type
1/public/inconsolata/Inconsolata.pfb></usr/local/texlive/2012/texmf-dist/fonts/
type1/public/amsfonts/cm/cmsy10.pfb></usr/local/texlive/2012/texmf-dist/fonts/t
ype1/urw/helvetic/uhvr8a.pfb></usr/local/texlive/2012/texmf-dist/fonts/type1/ur
w/times/utmb8a.pfb></usr/local/texlive/2012/texmf-dist/fonts/type1/urw/times/ut
mr8a.pfb></usr/local/texlive/2012/texmf-dist/fonts/type1/urw/times/utmr8a.pfb><
/usr/local/texlive/2012/texmf-dist/fonts/type1/urw/times/utmri8a.pfb>
Output written on Rd2.pdf (34 pages, 127244 bytes).
Transcript written on Rd2.log.
Saving output to 'clockstar-manual.pdf' ...
Done
You may want to clean up by 'rm -rf /tmp/Rtmps8a8Li/Rd2pdffecd5894262c'
